SF:C:\Projects\Faaast\src\Faaast.Authentication.OAuth2\FaaastOauthDefaults.cs
FN:15,System.Void Faaast.Authentication.OAuth2.FaaastOauthDefaults::.cctor()
FNDA:1,System.Void Faaast.Authentication.OAuth2.FaaastOauthDefaults::.cctor()
DA:16,1
DA:22,1
DA:27,1
DA:32,1
DA:37,1
LF:5
LH:5
BRF:0
BRH:0
FNF:1
FNH:1
end_of_record
SF:C:\Projects\Faaast\src\Faaast.Authentication.OAuth2\FaaastOauthHandler.cs
FN:26,Microsoft.Extensions.Logging.ILogger Faaast.Authentication.OAuth2.FaaastOauthHandler::get_FaaastLog()
FNDA:9,Microsoft.Extensions.Logging.ILogger Faaast.Authentication.OAuth2.FaaastOauthHandler::get_FaaastLog()
DA:27,9
FN:145,System.String Faaast.Authentication.OAuth2.FaaastOauthHandler::BuildUserPayload(System.Security.Claims.ClaimsIdentity)
FNDA:1,System.String Faaast.Authentication.OAuth2.FaaastOauthHandler::BuildUserPayload(System.Security.Claims.ClaimsIdentity)
DA:146,1
DA:147,1
DA:148,1
DA:149,1
DA:150,1
DA:151,1
DA:152,15
DA:153,6
DA:154,6
DA:155,54
DA:156,21
DA:157,21
DA:158,6
DA:159,6
DA:160,6
DA:162,15
DA:164,6
DA:165,0
DA:166,0
DA:167,0
DA:168,6
DA:170,1
DA:171,1
DA:173,1
DA:174,1
BRDA:152,212,1,6
BRDA:155,171,1,21
BRDA:157,150,0,6
BRDA:157,150,1,15
BRDA:155,171,0,6
BRDA:164,179,0,0
BRDA:164,179,1,6
BRDA:152,212,0,1
FN:176,System.Security.Claims.ClaimsPrincipal Faaast.Authentication.OAuth2.FaaastOauthHandler::ReadPrincipalFromToken(System.String)
FNDA:1,System.Security.Claims.ClaimsPrincipal Faaast.Authentication.OAuth2.FaaastOauthHandler::ReadPrincipalFromToken(System.String)
DA:177,1
DA:178,1
DA:179,1
DA:180,1
DA:181,1
DA:182,1
DA:183,1
DA:184,1
DA:185,1
DA:186,1
DA:187,1
DA:188,1
DA:189,1
DA:190,1
DA:191,1
DA:192,1
DA:193,1
DA:194,1
DA:195,1
DA:196,1
FN:32,System.Void Faaast.Authentication.OAuth2.FaaastOauthHandler::.ctor(Microsoft.Extensions.Options.IOptionsMonitor`1<Faaast.Authentication.OAuth2.FaaastOauthOptions>,Microsoft.Extensions.Logging.ILoggerFactory,System.Text.Encodings.Web.UrlEncoder,Microsoft.AspNetCore.Authentication.ISystemClock)
FNDA:16,System.Void Faaast.Authentication.OAuth2.FaaastOauthHandler::.ctor(Microsoft.Extensions.Options.IOptionsMonitor`1<Faaast.Authentication.OAuth2.FaaastOauthOptions>,Microsoft.Extensions.Logging.ILoggerFactory,System.Text.Encodings.Web.UrlEncoder,Microsoft.AspNetCore.Authentication.ISystemClock)
DA:33,16
FN:35,System.Void Faaast.Authentication.OAuth2.FaaastOauthHandler/<HandleAuthenticateAsync>d__5::MoveNext()
FNDA:0,System.Void Faaast.Authentication.OAuth2.FaaastOauthHandler/<HandleAuthenticateAsync>d__5::MoveNext()
DA:36,0
DA:37,0
DA:38,0
DA:39,0
DA:40,0
DA:41,0
DA:42,0
DA:46,0
DA:47,0
DA:48,0
DA:49,0
DA:50,0
DA:51,0
DA:52,0
DA:53,0
DA:54,0
DA:55,0
DA:56,0
DA:57,0
DA:58,0
DA:59,0
DA:60,0
DA:61,0
DA:64,0
DA:66,0
DA:67,0
DA:68,0
DA:70,0
DA:73,0
DA:76,0
DA:78,0
DA:80,0
DA:81,0
BRDA:38,212,0,0
BRDA:40,236,0,0
BRDA:40,236,1,0
BRDA:47,274,0,0
BRDA:47,287,0,0
BRDA:47,300,0,0
BRDA:47,334,0,0
BRDA:47,274,1,0
BRDA:47,287,1,0
BRDA:47,300,1,0
BRDA:47,334,1,0
BRDA:47,371,0,0
BRDA:51,407,0,0
BRDA:54,470,0,0
BRDA:58,666,0,0
BRDA:58,666,1,0
BRDA:54,470,1,0
BRDA:51,407,1,0
BRDA:47,371,1,0
BRDA:38,212,1,0
FN:83,System.Void Faaast.Authentication.OAuth2.FaaastOauthHandler/<CreateTicketAsync>d__6::MoveNext()
FNDA:1,System.Void Faaast.Authentication.OAuth2.FaaastOauthHandler/<CreateTicketAsync>d__6::MoveNext()
DA:84,1
DA:85,1
DA:87,1
DA:88,1
DA:89,1
DA:90,1
DA:91,1
DA:92,1
DA:93,1
DA:94,1
DA:96,1
DA:97,1
DA:98,1
DA:99,1
DA:101,1
DA:102,1
DA:103,1
DA:104,1
DA:105,1
DA:106,1
DA:107,1
DA:108,1
DA:109,1
DA:111,1
DA:114,1
DA:115,0
DA:116,0
DA:117,0
DA:118,0
DA:119,0
DA:120,0
DA:123,0
DA:124,0
DA:126,1
DA:127,1
DA:128,1
DA:129,1
DA:137,1
DA:138,1
DA:139,1
DA:140,1
DA:141,1
DA:143,1
BRDA:91,144,0,1
BRDA:91,144,1,1
BRDA:96,216,0,1
BRDA:96,216,1,1
BRDA:101,283,0,1
BRDA:101,283,1,0
BRDA:101,320,0,1
BRDA:101,320,1,1
BRDA:114,470,0,0
BRDA:118,693,0,0
BRDA:118,693,1,0
BRDA:114,470,1,1
FN:198,System.Void Faaast.Authentication.OAuth2.FaaastOauthHandler/<SignOutAsync>d__9::MoveNext()
FNDA:0,System.Void Faaast.Authentication.OAuth2.FaaastOauthHandler/<SignOutAsync>d__9::MoveNext()
DA:199,0
DA:200,0
DA:202,0
DA:203,0
DA:204,0
DA:205,0
DA:206,0
DA:207,0
DA:208,0
DA:210,0
DA:211,0
DA:212,0
BRDA:202,51,0,0
BRDA:202,51,1,0
BRDA:203,83,0,0
BRDA:203,83,1,0
BRDA:211,209,0,0
BRDA:211,209,1,0
LF:135
LH:79
BRF:46
BRH:15
FNF:7
FNH:5
end_of_record
SF:C:\Projects\Faaast\src\Faaast.Authentication.OAuth2\FaaastOauthOptions.cs
FN:17,System.String Faaast.Authentication.OAuth2.FaaastOauthOptions::get_OauthServerUri()
FNDA:6,System.String Faaast.Authentication.OAuth2.FaaastOauthOptions::get_OauthServerUri()
DA:18,6
FN:19,System.Void Faaast.Authentication.OAuth2.FaaastOauthOptions::set_OauthServerUri(System.String)
FNDA:8,System.Void Faaast.Authentication.OAuth2.FaaastOauthOptions::set_OauthServerUri(System.String)
DA:20,8
DA:21,8
DA:22,8
DA:23,8
DA:24,8
DA:25,8
DA:26,8
FN:28,System.String Faaast.Authentication.OAuth2.FaaastOauthOptions::get_SignOutEndpoint()
FNDA:8,System.String Faaast.Authentication.OAuth2.FaaastOauthOptions::get_SignOutEndpoint()
DA:29,8
FN:29,System.String Faaast.Authentication.OAuth2.FaaastOauthOptions::get_SignOutScheme()
FNDA:0,System.String Faaast.Authentication.OAuth2.FaaastOauthOptions::get_SignOutScheme()
DA:30,0
FN:31,System.Boolean Faaast.Authentication.OAuth2.FaaastOauthOptions::get_UseUserInformationEndpoint()
FNDA:1,System.Boolean Faaast.Authentication.OAuth2.FaaastOauthOptions::get_UseUserInformationEndpoint()
DA:32,1
FN:48,System.Void Faaast.Authentication.OAuth2.FaaastOauthOptions::Validate()
FNDA:5,System.Void Faaast.Authentication.OAuth2.FaaastOauthOptions::Validate()
DA:49,5
DA:51,5
DA:52,0
DA:53,0
DA:56,5
DA:57,0
DA:58,0
DA:61,5
DA:62,0
DA:63,0
DA:66,5
DA:67,0
DA:68,0
DA:71,5
DA:72,0
DA:73,0
DA:76,5
DA:77,0
DA:78,0
DA:82,5
DA:83,5
BRDA:51,14,0,0
BRDA:51,14,1,5
BRDA:56,61,0,0
BRDA:56,61,1,5
BRDA:61,108,0,0
BRDA:61,108,1,5
BRDA:66,155,0,0
BRDA:66,155,1,5
BRDA:71,204,0,0
BRDA:71,204,1,5
BRDA:76,253,0,0
BRDA:76,253,1,5
FN:36,System.Void Faaast.Authentication.OAuth2.FaaastOauthOptions::.ctor()
FNDA:8,System.Void Faaast.Authentication.OAuth2.FaaastOauthOptions::.ctor()
DA:37,8
DA:38,8
DA:39,8
DA:40,8
DA:41,8
DA:42,8
DA:43,8
LF:39
LH:26
BRF:12
BRH:6
FNF:7
FNH:6
end_of_record
SF:C:\Projects\Faaast\src\Faaast.Authentication.OAuth2\Resources.Designer.cs
FN:39,System.Resources.ResourceManager Faaast.Authentication.OAuth2.Resources::get_ResourceManager()
FNDA:0,System.Resources.ResourceManager Faaast.Authentication.OAuth2.Resources::get_ResourceManager()
DA:40,0
DA:41,0
DA:42,0
DA:43,0
DA:44,0
DA:45,0
DA:46,0
BRDA:41,11,0,0
BRDA:41,11,1,0
FN:54,System.Globalization.CultureInfo Faaast.Authentication.OAuth2.Resources::get_Culture()
FNDA:0,System.Globalization.CultureInfo Faaast.Authentication.OAuth2.Resources::get_Culture()
DA:55,0
DA:56,0
DA:57,0
FN:57,System.Void Faaast.Authentication.OAuth2.Resources::set_Culture(System.Globalization.CultureInfo)
FNDA:0,System.Void Faaast.Authentication.OAuth2.Resources::set_Culture(System.Globalization.CultureInfo)
DA:58,0
DA:59,0
DA:60,0
FN:66,System.String Faaast.Authentication.OAuth2.Resources::get_Exception_OptionMustBeProvided()
FNDA:0,System.String Faaast.Authentication.OAuth2.Resources::get_Exception_OptionMustBeProvided()
DA:67,0
DA:68,0
DA:69,0
FN:31,System.Void Faaast.Authentication.OAuth2.Resources::.ctor()
FNDA:0,System.Void Faaast.Authentication.OAuth2.Resources::.ctor()
DA:32,0
DA:33,0
LF:18
LH:0
BRF:2
BRH:0
FNF:5
FNH:0
end_of_record
SF:C:\Projects\Faaast\src\Faaast.Authentication.OAuth2\FaaastOauthExtensions.cs
FN:22,Microsoft.AspNetCore.Authentication.AuthenticationBuilder Microsoft.Extensions.DependencyInjection.FaaastOauthAuthenticationOptionsExtensions::AddFaaastOauth(Microsoft.AspNetCore.Authentication.AuthenticationBuilder)
FNDA:0,Microsoft.AspNetCore.Authentication.AuthenticationBuilder Microsoft.Extensions.DependencyInjection.FaaastOauthAuthenticationOptionsExtensions::AddFaaastOauth(Microsoft.AspNetCore.Authentication.AuthenticationBuilder)
DA:23,0
FN:35,Microsoft.AspNetCore.Authentication.AuthenticationBuilder Microsoft.Extensions.DependencyInjection.FaaastOauthAuthenticationOptionsExtensions::AddFaaastOauth(Microsoft.AspNetCore.Authentication.AuthenticationBuilder,System.Action`1<Faaast.Authentication.OAuth2.FaaastOauthOptions>)
FNDA:6,Microsoft.AspNetCore.Authentication.AuthenticationBuilder Microsoft.Extensions.DependencyInjection.FaaastOauthAuthenticationOptionsExtensions::AddFaaastOauth(Microsoft.AspNetCore.Authentication.AuthenticationBuilder,System.Action`1<Faaast.Authentication.OAuth2.FaaastOauthOptions>)
DA:36,6
FN:49,Microsoft.AspNetCore.Authentication.AuthenticationBuilder Microsoft.Extensions.DependencyInjection.FaaastOauthAuthenticationOptionsExtensions::AddFaaastOauth(Microsoft.AspNetCore.Authentication.AuthenticationBuilder,System.String,System.Action`1<Faaast.Authentication.OAuth2.FaaastOauthOptions>)
FNDA:6,Microsoft.AspNetCore.Authentication.AuthenticationBuilder Microsoft.Extensions.DependencyInjection.FaaastOauthAuthenticationOptionsExtensions::AddFaaastOauth(Microsoft.AspNetCore.Authentication.AuthenticationBuilder,System.String,System.Action`1<Faaast.Authentication.OAuth2.FaaastOauthOptions>)
DA:50,6
FN:63,Microsoft.AspNetCore.Authentication.AuthenticationBuilder Microsoft.Extensions.DependencyInjection.FaaastOauthAuthenticationOptionsExtensions::AddFaaastOauth(Microsoft.AspNetCore.Authentication.AuthenticationBuilder,System.String,System.String,System.Action`1<Faaast.Authentication.OAuth2.FaaastOauthOptions>)
FNDA:6,Microsoft.AspNetCore.Authentication.AuthenticationBuilder Microsoft.Extensions.DependencyInjection.FaaastOauthAuthenticationOptionsExtensions::AddFaaastOauth(Microsoft.AspNetCore.Authentication.AuthenticationBuilder,System.String,System.String,System.Action`1<Faaast.Authentication.OAuth2.FaaastOauthOptions>)
DA:64,6
LF:4
LH:3
BRF:0
BRH:0
FNF:4
FNH:3
end_of_record
SF:C:\Projects\Faaast\src\Faaast.Authentication.OAuth2\AuthenticationHttpContextExtensions.cs
FN:13,System.Threading.Tasks.Task`1<System.String> Microsoft.AspNetCore.Authentication.AuthenticationHttpContextExtensions::GetAccessTokenAsync(Microsoft.AspNetCore.Http.HttpContext)
FNDA:0,System.Threading.Tasks.Task`1<System.String> Microsoft.AspNetCore.Authentication.AuthenticationHttpContextExtensions::GetAccessTokenAsync(Microsoft.AspNetCore.Http.HttpContext)
DA:14,0
FN:15,System.Threading.Tasks.Task`1<System.String> Microsoft.AspNetCore.Authentication.AuthenticationHttpContextExtensions::GetRefreshTokenAsync(Microsoft.AspNetCore.Http.HttpContext)
FNDA:0,System.Threading.Tasks.Task`1<System.String> Microsoft.AspNetCore.Authentication.AuthenticationHttpContextExtensions::GetRefreshTokenAsync(Microsoft.AspNetCore.Http.HttpContext)
DA:16,0
FN:18,System.Void Microsoft.AspNetCore.Authentication.AuthenticationHttpContextExtensions/<CallRefreshTokenAsync>d__2::MoveNext()
FNDA:0,System.Void Microsoft.AspNetCore.Authentication.AuthenticationHttpContextExtensions/<CallRefreshTokenAsync>d__2::MoveNext()
DA:19,0
DA:20,0
DA:21,0
DA:22,0
DA:23,0
DA:24,0
DA:25,0
DA:26,0
DA:27,0
DA:28,0
DA:30,0
DA:31,0
DA:32,0
DA:33,0
DA:34,0
DA:38,0
DA:42,0
DA:43,0
BRDA:32,348,0,0
BRDA:32,348,1,0
LF:20
LH:0
BRF:2
BRH:0
FNF:3
FNH:0
end_of_record
SF:C:\Projects\Faaast\src\Faaast.OAuth2Server\Authorization.cs
FN:6,Microsoft.AspNetCore.Authentication.AuthenticationTicket Faaast.Authentication.OAuth2Server.Authorization::get_AuthenticationTicket()
FNDA:5,Microsoft.AspNetCore.Authentication.AuthenticationTicket Faaast.Authentication.OAuth2Server.Authorization::get_AuthenticationTicket()
DA:7,5
FN:8,System.String Faaast.Authentication.OAuth2Server.Authorization::get_AuthorizationCode()
FNDA:4,System.String Faaast.Authentication.OAuth2Server.Authorization::get_AuthorizationCode()
DA:9,4
LF:2
LH:2
BRF:0
BRH:0
FNF:2
FNH:2
end_of_record
SF:C:\Projects\Faaast\src\Faaast.OAuth2Server\ClientCredential.cs
FN:4,System.String Faaast.Authentication.OAuth2Server.Client::get_ClientId()
FNDA:14,System.String Faaast.Authentication.OAuth2Server.Client::get_ClientId()
DA:5,14
FN:6,System.String Faaast.Authentication.OAuth2Server.Client::get_ClientSecret()
FNDA:7,System.String Faaast.Authentication.OAuth2Server.Client::get_ClientSecret()
DA:7,7
FN:8,System.String[] Faaast.Authentication.OAuth2Server.Client::get_Scopes()
FNDA:8,System.String[] Faaast.Authentication.OAuth2Server.Client::get_Scopes()
DA:9,8
FN:10,System.String Faaast.Authentication.OAuth2Server.Client::get_Audience()
FNDA:7,System.String Faaast.Authentication.OAuth2Server.Client::get_Audience()
DA:11,7
LF:4
LH:4
BRF:0
BRH:0
FNF:4
FNH:4
end_of_record
SF:C:\Projects\Faaast\src\Faaast.OAuth2Server\Resources.Designer.cs
FN:39,System.Resources.ResourceManager Faaast.Authentication.OAuth2Server.Resources::get_ResourceManager()
FNDA:10,System.Resources.ResourceManager Faaast.Authentication.OAuth2Server.Resources::get_ResourceManager()
DA:40,10
DA:41,11
DA:42,1
DA:43,1
DA:44,1
DA:45,10
DA:46,10
BRDA:41,11,0,1
BRDA:41,11,1,10
FN:54,System.Globalization.CultureInfo Faaast.Authentication.OAuth2Server.Resources::get_Culture()
FNDA:0,System.Globalization.CultureInfo Faaast.Authentication.OAuth2Server.Resources::get_Culture()
DA:55,0
DA:56,0
DA:57,0
FN:57,System.Void Faaast.Authentication.OAuth2Server.Resources::set_Culture(System.Globalization.CultureInfo)
FNDA:0,System.Void Faaast.Authentication.OAuth2Server.Resources::set_Culture(System.Globalization.CultureInfo)
DA:58,0
DA:59,0
DA:60,0
FN:66,System.String Faaast.Authentication.OAuth2Server.Resources::get_Exception_OptionMustBeProvided()
FNDA:0,System.String Faaast.Authentication.OAuth2Server.Resources::get_Exception_OptionMustBeProvided()
DA:67,0
DA:68,0
DA:69,0
FN:75,System.String Faaast.Authentication.OAuth2Server.Resources::get_Msg_ClientCredentialsDisabled()
FNDA:0,System.String Faaast.Authentication.OAuth2Server.Resources::get_Msg_ClientCredentialsDisabled()
DA:76,0
DA:77,0
DA:78,0
FN:84,System.String Faaast.Authentication.OAuth2Server.Resources::get_Msg_Insecure()
FNDA:0,System.String Faaast.Authentication.OAuth2Server.Resources::get_Msg_Insecure()
DA:85,0
DA:86,0
DA:87,0
FN:93,System.String Faaast.Authentication.OAuth2Server.Resources::get_Msg_InvalidClient()
FNDA:8,System.String Faaast.Authentication.OAuth2Server.Resources::get_Msg_InvalidClient()
DA:94,8
DA:95,8
DA:96,8
FN:102,System.String Faaast.Authentication.OAuth2Server.Resources::get_Msg_InvalidCode()
FNDA:0,System.String Faaast.Authentication.OAuth2Server.Resources::get_Msg_InvalidCode()
DA:103,0
DA:104,0
DA:105,0
FN:111,System.String Faaast.Authentication.OAuth2Server.Resources::get_Msg_InvalidGrantType()
FNDA:0,System.String Faaast.Authentication.OAuth2Server.Resources::get_Msg_InvalidGrantType()
DA:112,0
DA:113,0
DA:114,0
FN:120,System.String Faaast.Authentication.OAuth2Server.Resources::get_Msg_InvalidRedirectUri()
FNDA:2,System.String Faaast.Authentication.OAuth2Server.Resources::get_Msg_InvalidRedirectUri()
DA:121,2
DA:122,2
DA:123,2
FN:129,System.String Faaast.Authentication.OAuth2Server.Resources::get_Msg_InvalidScope()
FNDA:0,System.String Faaast.Authentication.OAuth2Server.Resources::get_Msg_InvalidScope()
DA:130,0
DA:131,0
DA:132,0
FN:138,System.String Faaast.Authentication.OAuth2Server.Resources::get_Msg_InvalidToken()
FNDA:0,System.String Faaast.Authentication.OAuth2Server.Resources::get_Msg_InvalidToken()
DA:139,0
DA:140,0
DA:141,0
FN:147,System.String Faaast.Authentication.OAuth2Server.Resources::get_Msg_SuccessClientCredentials()
FNDA:0,System.String Faaast.Authentication.OAuth2Server.Resources::get_Msg_SuccessClientCredentials()
DA:148,0
DA:149,0
DA:150,0
FN:31,System.Void Faaast.Authentication.OAuth2Server.Resources::.ctor()
FNDA:0,System.Void Faaast.Authentication.OAuth2Server.Resources::.ctor()
DA:32,0
DA:33,0
LF:45
LH:13
BRF:2
BRH:2
FNF:14
FNH:3
end_of_record
SF:C:\Projects\Faaast\src\Faaast.OAuth2Server\Token.cs
FN:6,System.String Faaast.Authentication.OAuth2Server.Token::get_NameIdentifier()
FNDA:1,System.String Faaast.Authentication.OAuth2Server.Token::get_NameIdentifier()
DA:7,1
FN:8,System.String Faaast.Authentication.OAuth2Server.Token::get_RefreshToken()
FNDA:1,System.String Faaast.Authentication.OAuth2Server.Token::get_RefreshToken()
DA:9,1
FN:10,System.DateTime Faaast.Authentication.OAuth2Server.Token::get_RefreshTokenExpiresUtc()
FNDA:1,System.DateTime Faaast.Authentication.OAuth2Server.Token::get_RefreshTokenExpiresUtc()
DA:11,1
FN:12,System.String Faaast.Authentication.OAuth2Server.Token::get_AccessToken()
FNDA:1,System.String Faaast.Authentication.OAuth2Server.Token::get_AccessToken()
DA:13,1
FN:14,System.DateTime Faaast.Authentication.OAuth2Server.Token::get_AccessTokenExpiresUtc()
FNDA:1,System.DateTime Faaast.Authentication.OAuth2Server.Token::get_AccessTokenExpiresUtc()
DA:15,1
LF:5
LH:5
BRF:0
BRH:0
FNF:5
FNH:5
end_of_record
SF:C:\Projects\Faaast\src\Faaast.OAuth2Server\Core\CodeGenerator.cs
FN:10,System.Char[] Faaast.Authentication.OAuth2Server.Core.CodeGenerator::get_AllowedChars()
FNDA:257,System.Char[] Faaast.Authentication.OAuth2Server.Core.CodeGenerator::get_AllowedChars()
DA:11,257
FN:12,System.Func`2<System.Int32,System.String> Faaast.Authentication.OAuth2Server.Core.CodeGenerator::get_GenerateRandomCode()
FNDA:5,System.Func`2<System.Int32,System.String> Faaast.Authentication.OAuth2Server.Core.CodeGenerator::get_GenerateRandomCode()
DA:13,5
FN:35,System.String Faaast.Authentication.OAuth2Server.Core.CodeGenerator::GenerateRandomCodeImpl(System.Int32)
FNDA:132,System.String Faaast.Authentication.OAuth2Server.Core.CodeGenerator::GenerateRandomCodeImpl(System.Int32)
DA:36,132
FN:38,System.String Faaast.Authentication.OAuth2Server.Core.CodeGenerator::GenerateRandomNumber(System.Int32)
FNDA:1,System.String Faaast.Authentication.OAuth2Server.Core.CodeGenerator::GenerateRandomNumber(System.Int32)
DA:39,1
DA:40,1
DA:41,1
DA:42,1
DA:43,1
DA:44,1
DA:46,1
FN:9,System.Void Faaast.Authentication.OAuth2Server.Core.CodeGenerator::.cctor()
FNDA:1,System.Void Faaast.Authentication.OAuth2Server.Core.CodeGenerator::.cctor()
DA:10,1
DA:16,1
DA:17,1
DA:18,55
DA:19,26
DA:20,26
DA:21,26
DA:23,55
DA:24,26
DA:25,26
DA:26,26
DA:28,23
DA:29,10
DA:30,10
DA:31,10
DA:33,1
DA:34,1
BRDA:18,76,1,26
BRDA:18,76,0,1
BRDA:23,135,1,26
BRDA:23,135,0,1
BRDA:28,197,1,10
BRDA:28,197,0,1
LF:27
LH:27
BRF:6
BRH:6
FNF:5
FNH:5
end_of_record
SF:C:\Projects\Faaast\src\Faaast.OAuth2Server\Core\OAuthServerMiddleware.cs
FN:21,Faaast.Authentication.OAuth2Server.Core.OAuthServerOptions Faaast.Authentication.OAuth2Server.Core.OAuthServerMiddleware::get_Options()
FNDA:47,Faaast.Authentication.OAuth2Server.Core.OAuthServerOptions Faaast.Authentication.OAuth2Server.Core.OAuthServerMiddleware::get_Options()
DA:22,47
FN:23,Microsoft.Extensions.Logging.ILogger`1<Faaast.Authentication.OAuth2Server.Core.OAuthServerMiddleware> Faaast.Authentication.OAuth2Server.Core.OAuthServerMiddleware::get_Logger()
FNDA:15,Microsoft.Extensions.Logging.ILogger`1<Faaast.Authentication.OAuth2Server.Core.OAuthServerMiddleware> Faaast.Authentication.OAuth2Server.Core.OAuthServerMiddleware::get_Logger()
DA:24,15
FN:25,System.IdentityModel.Tokens.Jwt.JwtSecurityTokenHandler Faaast.Authentication.OAuth2Server.Core.OAuthServerMiddleware::get_TokenHandler()
FNDA:12,System.IdentityModel.Tokens.Jwt.JwtSecurityTokenHandler Faaast.Authentication.OAuth2Server.Core.OAuthServerMiddleware::get_TokenHandler()
DA:26,12
FN:77,Microsoft.IdentityModel.Tokens.TokenValidationParameters Faaast.Authentication.OAuth2Server.Core.OAuthServerMiddleware::BuildValidationParameters(Faaast.Authentication.OAuth2Server.Client)
FNDA:0,Microsoft.IdentityModel.Tokens.TokenValidationParameters Faaast.Authentication.OAuth2Server.Core.OAuthServerMiddleware::BuildValidationParameters(Faaast.Authentication.OAuth2Server.Client)
DA:78,0
DA:79,0
DA:80,0
DA:82,0
DA:83,0
DA:84,0
DA:85,0
DA:86,0
DA:87,0
DA:88,0
DA:89,0
DA:90,0
DA:91,0
DA:92,0
DA:93,0
DA:94,0
DA:95,0
DA:96,0
FN:195,System.Threading.Tasks.Task`1<Faaast.Authentication.OAuth2Server.Core.StageValidationContext> Faaast.Authentication.OAuth2Server.Core.OAuthServerMiddleware::HandleEndpointRequestAsync(Faaast.Authentication.OAuth2Server.Core.ValidationContext,Faaast.Authentication.OAuth2Server.IOauthServerProvider)
FNDA:10,System.Threading.Tasks.Task`1<Faaast.Authentication.OAuth2Server.Core.StageValidationContext> Faaast.Authentication.OAuth2Server.Core.OAuthServerMiddleware::HandleEndpointRequestAsync(Faaast.Authentication.OAuth2Server.Core.ValidationContext,Faaast.Authentication.OAuth2Server.IOauthServerProvider)
DA:196,10
DA:197,10
DA:198,10
DA:199,0
DA:200,0
DA:203,10
DA:205,10
DA:206,4
DA:207,4
DA:209,6
DA:210,6
DA:211,6
DA:214,0
DA:215,0
DA:216,0
DA:217,0
DA:219,10
BRDA:198,19,0,10
BRDA:198,19,1,0
BRDA:198,45,0,0
BRDA:198,45,1,10
BRDA:205,124,0,4
BRDA:205,124,1,6
BRDA:209,159,0,6
BRDA:209,159,1,0
BRDA:215,191,0,0
BRDA:215,191,1,0
FN:220,System.Threading.Tasks.Task`1<Faaast.Authentication.OAuth2Server.Core.StageValidationContext> Faaast.Authentication.OAuth2Server.Core.OAuthServerMiddleware::HandleTokenEndPointRequestAsync(Faaast.Authentication.OAuth2Server.Core.StageValidationContext,Faaast.Authentication.OAuth2Server.IOauthServerProvider)
FNDA:4,System.Threading.Tasks.Task`1<Faaast.Authentication.OAuth2Server.Core.StageValidationContext> Faaast.Authentication.OAuth2Server.Core.OAuthServerMiddleware::HandleTokenEndPointRequestAsync(Faaast.Authentication.OAuth2Server.Core.StageValidationContext,Faaast.Authentication.OAuth2Server.IOauthServerProvider)
DA:221,4
DA:222,4
DA:223,3
DA:224,0
DA:225,0
DA:226,1
DA:227,0
DA:228,4
BRDA:221,7,0,0
BRDA:221,7,1,4
BRDA:221,34,0,1
BRDA:221,47,0,1
BRDA:221,60,0,1
BRDA:221,34,1,3
BRDA:221,47,1,0
BRDA:221,60,1,0
BRDA:221,73,1,1
BRDA:221,73,0,0
FN:308,System.Threading.Tasks.Task`1<Faaast.Authentication.OAuth2Server.Core.StageValidationContext> Faaast.Authentication.OAuth2Server.Core.OAuthServerMiddleware::ValidateScopeAsync(Faaast.Authentication.OAuth2Server.Core.StageValidationContext,Faaast.Authentication.OAuth2Server.Client,Faaast.Authentication.OAuth2Server.IOauthServerProvider)
FNDA:5,System.Threading.Tasks.Task`1<Faaast.Authentication.OAuth2Server.Core.StageValidationContext> Faaast.Authentication.OAuth2Server.Core.OAuthServerMiddleware::ValidateScopeAsync(Faaast.Authentication.OAuth2Server.Core.StageValidationContext,Faaast.Authentication.OAuth2Server.Client,Faaast.Authentication.OAuth2Server.IOauthServerProvider)
DA:309,5
DA:310,5
DA:311,25
DA:312,5
DA:313,5
DA:314,20
DA:315,5
DA:316,5
DA:317,5
DA:318,5
DA:319,5
DA:321,0
DA:323,5
DA:324,0
DA:325,0
DA:327,5
DA:329,5
DA:330,5
BRDA:311,123,1,5
BRDA:314,84,1,5
BRDA:316,63,0,5
BRDA:316,63,1,0
BRDA:314,84,0,5
BRDA:323,95,0,0
BRDA:323,95,1,5
BRDA:311,123,0,5
FN:346,System.Threading.Tasks.Task`1<Faaast.Authentication.OAuth2Server.Core.StageValidationContext> Faaast.Authentication.OAuth2Server.Core.OAuthServerMiddleware::RedirectAsync(Faaast.Authentication.OAuth2Server.Core.StageValidationContext,System.String)
FNDA:2,System.Threading.Tasks.Task`1<Faaast.Authentication.OAuth2Server.Core.StageValidationContext> Faaast.Authentication.OAuth2Server.Core.OAuthServerMiddleware::RedirectAsync(Faaast.Authentication.OAuth2Server.Core.StageValidationContext,System.String)
DA:347,2
DA:348,2
DA:349,2
DA:350,2
DA:351,2
DA:352,2
DA:353,2
FN:355,System.String Faaast.Authentication.OAuth2Server.Core.OAuthServerMiddleware::BuildUri(System.String,System.String,System.Nullable`1<System.Int32>,System.String,System.String)
FNDA:4,System.String Faaast.Authentication.OAuth2Server.Core.OAuthServerMiddleware::BuildUri(System.String,System.String,System.Nullable`1<System.Int32>,System.String,System.String)
DA:356,4
DA:357,4
DA:358,4
DA:359,4
DA:360,4
BRDA:357,10,0,4
BRDA:357,10,1,0
FN:27,System.Void Faaast.Authentication.OAuth2Server.Core.OAuthServerMiddleware::.ctor(Microsoft.AspNetCore.Http.RequestDelegate,Faaast.Authentication.OAuth2Server.Core.OAuthServerOptions,Microsoft.Extensions.Logging.ILoggerFactory)
FNDA:10,System.Void Faaast.Authentication.OAuth2Server.Core.OAuthServerMiddleware::.ctor(Microsoft.AspNetCore.Http.RequestDelegate,Faaast.Authentication.OAuth2Server.Core.OAuthServerOptions,Microsoft.Extensions.Logging.ILoggerFactory)
DA:28,10
DA:29,10
DA:30,10
DA:31,10
DA:34,10
DA:35,0
DA:36,0
DA:39,10
DA:40,0
DA:41,0
DA:44,10
DA:45,0
DA:46,0
DA:49,10
DA:50,0
DA:51,0
DA:54,10
DA:55,0
DA:56,0
DA:59,10
DA:60,0
DA:61,0
DA:64,10
DA:65,0
DA:66,0
DA:69,10
DA:70,10
DA:71,10
DA:72,10
DA:75,10
BRDA:30,11,0,0
BRDA:30,11,1,10
BRDA:34,57,0,0
BRDA:34,57,1,10
BRDA:39,104,0,0
BRDA:39,104,1,10
BRDA:44,151,0,0
BRDA:44,151,1,10
BRDA:49,198,0,0
BRDA:49,198,1,10
BRDA:54,247,0,0
BRDA:54,247,1,10
BRDA:59,296,0,0
BRDA:59,296,1,10
BRDA:64,345,0,0
BRDA:64,345,1,10
FN:98,System.Void Faaast.Authentication.OAuth2Server.Core.OAuthServerMiddleware/<InvokeAsync>d__19::MoveNext()
FNDA:10,System.Void Faaast.Authentication.OAuth2Server.Core.OAuthServerMiddleware/<InvokeAsync>d__19::MoveNext()
DA:99,10
DA:100,10
DA:101,10
DA:102,10
DA:103,10
DA:104,5
DA:105,5
DA:106,5
DA:107,10
BRDA:103,209,0,4
BRDA:103,209,1,6
BRDA:103,225,0,5
BRDA:103,225,1,10
FN:114,System.String Faaast.Authentication.OAuth2Server.Core.OAuthServerMiddleware/<>c::<CreateJwt>b__20_0(System.Security.Claims.Claim)
FNDA:1,System.String Faaast.Authentication.OAuth2Server.Core.OAuthServerMiddleware/<>c::<CreateJwt>b__20_0(System.Security.Claims.Claim)
DA:115,1
FN:137,System.String Faaast.Authentication.OAuth2Server.Core.OAuthServerMiddleware/<>c::<CreateJwt>b__20_1(System.Security.Claims.Claim)
FNDA:0,System.String Faaast.Authentication.OAuth2Server.Core.OAuthServerMiddleware/<>c::<CreateJwt>b__20_1(System.Security.Claims.Claim)
DA:138,0
FN:109,System.Void Faaast.Authentication.OAuth2Server.Core.OAuthServerMiddleware/<CreateJwt>d__20::MoveNext()
FNDA:1,System.Void Faaast.Authentication.OAuth2Server.Core.OAuthServerMiddleware/<CreateJwt>d__20::MoveNext()
DA:110,1
DA:111,1
DA:112,1
DA:113,1
DA:114,1
DA:116,3
DA:117,0
DA:118,0
DA:119,0
DA:120,0
DA:121,0
DA:122,0
DA:123,0
DA:124,0
DA:126,0
DA:128,0
DA:129,0
DA:130,0
DA:131,0
DA:132,0
DA:133,0
DA:134,0
DA:136,0
DA:137,0
DA:139,0
DA:140,0
DA:141,0
DA:143,1
DA:145,1
DA:146,1
DA:147,1
DA:148,1
DA:149,1
DA:150,1
DA:151,1
DA:152,1
DA:153,1
DA:154,1
DA:155,1
DA:157,1
DA:158,1
DA:159,1
DA:160,1
DA:162,1
DA:163,1
DA:164,1
DA:165,1
DA:167,1
DA:168,1
DA:169,1
DA:170,1
DA:172,1
DA:173,1
DA:174,1
DA:175,1
DA:177,1
DA:178,1
DA:179,1
DA:180,1
DA:181,1
DA:182,1
DA:183,1
DA:184,1
DA:186,1
DA:188,1
DA:189,1
DA:191,1
DA:192,1
DA:193,1
BRDA:116,588,1,0
BRDA:119,369,1,0
BRDA:121,321,0,0
BRDA:121,321,1,0
BRDA:119,369,0,0
BRDA:128,386,0,0
BRDA:130,408,0,0
BRDA:130,408,1,0
BRDA:128,386,1,0
BRDA:116,588,0,1
BRDA:172,1086,0,1
BRDA:177,1235,0,1
BRDA:177,1235,1,0
BRDA:172,1086,1,1
FN:230,System.Void Faaast.Authentication.OAuth2Server.Core.OAuthServerMiddleware/<HandleRefreshAsync>d__23::MoveNext()
FNDA:0,System.Void Faaast.Authentication.OAuth2Server.Core.OAuthServerMiddleware/<HandleRefreshAsync>d__23::MoveNext()
DA:231,0
DA:232,0
DA:233,0
DA:234,0
DA:235,0
DA:238,0
DA:239,0
DA:240,0
DA:241,0
DA:244,0
DA:245,0
DA:246,0
DA:247,0
DA:250,0
DA:251,0
DA:252,0
DA:253,0
DA:254,0
DA:255,0
DA:256,0
DA:259,0
DA:260,0
DA:261,0
DA:262,0
DA:265,0
DA:266,0
DA:267,0
DA:269,0
DA:270,0
DA:271,0
DA:272,0
BRDA:233,255,0,0
BRDA:233,255,1,0
BRDA:239,307,0,0
BRDA:239,307,1,0
BRDA:245,592,0,0
BRDA:245,592,1,0
BRDA:254,837,0,0
BRDA:254,837,1,0
BRDA:260,1117,0,0
BRDA:260,1117,1,0
FN:274,System.Void Faaast.Authentication.OAuth2Server.Core.OAuthServerMiddleware/<HandlePasswordAsync>d__24::MoveNext()
FNDA:0,System.Void Faaast.Authentication.OAuth2Server.Core.OAuthServerMiddleware/<HandlePasswordAsync>d__24::MoveNext()
DA:275,0
DA:276,0
DA:277,0
DA:278,0
DA:279,0
DA:282,0
DA:283,0
DA:284,0
DA:285,0
DA:288,0
DA:289,0
DA:290,0
DA:291,0
DA:294,0
DA:295,0
DA:296,0
DA:297,0
DA:298,0
DA:300,0
DA:301,0
DA:302,0
DA:305,0
DA:306,0
BRDA:277,237,0,0
BRDA:277,237,1,0
BRDA:283,421,0,0
BRDA:283,421,1,0
BRDA:289,605,0,0
BRDA:289,605,1,0
BRDA:296,800,0,0
BRDA:296,800,1,0
FN:332,System.Void Faaast.Authentication.OAuth2Server.Core.OAuthServerMiddleware/<Failed>d__26::MoveNext()
FNDA:5,System.Void Faaast.Authentication.OAuth2Server.Core.OAuthServerMiddleware/<Failed>d__26::MoveNext()
DA:333,5
DA:334,5
DA:335,5
DA:336,5
DA:337,5
DA:338,5
DA:339,5
DA:341,0
DA:342,0
DA:343,0
DA:344,5
BRDA:336,97,0,5
BRDA:336,97,1,0
FN:362,System.Void Faaast.Authentication.OAuth2Server.Core.OAuthServerMiddleware/<HandleLogOutAsync>d__29::MoveNext()
FNDA:0,System.Void Faaast.Authentication.OAuth2Server.Core.OAuthServerMiddleware/<HandleLogOutAsync>d__29::MoveNext()
DA:363,0
DA:364,0
DA:365,0
DA:366,0
DA:367,0
DA:368,0
DA:369,0
LF:258
LH:128
BRF:84
BRH:35
FNF:18
FNH:13
end_of_record
SF:C:\Projects\Faaast\src\Faaast.OAuth2Server\Core\OAuthServerMiddleware.Authorize.cs
FN:9,System.Void Faaast.Authentication.OAuth2Server.Core.OAuthServerMiddleware/<HandleAuthorizeEndPointRequestAsync>d__0::MoveNext()
FNDA:6,System.Void Faaast.Authentication.OAuth2Server.Core.OAuthServerMiddleware/<HandleAuthorizeEndPointRequestAsync>d__0::MoveNext()
DA:10,6
DA:11,6
DA:12,6
DA:13,1
DA:14,1
DA:17,5
DA:18,5
DA:19,1
DA:20,1
DA:23,4
DA:24,4
DA:25,0
DA:26,0
DA:29,4
DA:30,1
DA:31,1
DA:34,3
DA:35,3
DA:36,3
DA:37,1
DA:38,1
DA:41,2
DA:42,2
DA:43,2
DA:44,2
DA:46,2
DA:47,2
DA:48,2
DA:49,2
DA:50,2
DA:51,2
DA:52,2
DA:53,2
DA:54,2
DA:55,2
DA:56,2
DA:57,2
DA:59,2
DA:60,2
DA:61,6
BRDA:12,232,0,1
BRDA:12,232,1,5
BRDA:18,416,0,1
BRDA:18,416,1,4
BRDA:24,600,0,0
BRDA:24,600,1,4
BRDA:29,632,0,0
BRDA:29,632,1,4
BRDA:29,655,0,1
BRDA:29,655,1,3
BRDA:36,969,0,1
BRDA:36,969,1,2
BRDA:43,1182,0,0
BRDA:43,1182,1,2
FN:63,System.Void Faaast.Authentication.OAuth2Server.Core.OAuthServerMiddleware/<ValidateRedirectUriAsync>d__1::MoveNext()
FNDA:6,System.Void Faaast.Authentication.OAuth2Server.Core.OAuthServerMiddleware/<ValidateRedirectUriAsync>d__1::MoveNext()
DA:64,6
DA:65,6
DA:66,6
DA:67,6
DA:68,1
DA:69,1
DA:70,1
DA:72,5
DA:73,5
DA:74,5
DA:76,6
DA:77,6
BRDA:67,200,0,1
BRDA:67,200,1,5
FN:79,System.Void Faaast.Authentication.OAuth2Server.Core.OAuthServerMiddleware/<HandleAuthorizationCodeAsync>d__2::MoveNext()
FNDA:1,System.Void Faaast.Authentication.OAuth2Server.Core.OAuthServerMiddleware/<HandleAuthorizationCodeAsync>d__2::MoveNext()
DA:80,1
DA:81,1
DA:83,1
DA:84,1
DA:85,0
DA:86,0
DA:89,1
DA:90,1
DA:91,1
DA:92,0
DA:93,0
DA:96,1
DA:97,1
DA:98,0
DA:99,0
DA:102,1
DA:103,0
DA:104,0
DA:107,1
DA:108,1
DA:109,1
DA:110,0
DA:111,0
DA:114,1
DA:116,1
DA:117,1
DA:118,1
BRDA:84,261,0,0
BRDA:84,261,1,1
BRDA:91,445,0,0
BRDA:91,445,1,1
BRDA:97,740,0,1
BRDA:97,740,1,0
BRDA:97,790,0,0
BRDA:97,790,1,1
BRDA:102,941,0,0
BRDA:102,941,1,1
BRDA:109,1178,0,0
BRDA:109,1178,1,1
LF:79
LH:67
BRF:28
BRH:19
FNF:3
FNH:3
end_of_record
SF:C:\Projects\Faaast\src\Faaast.OAuth2Server\Core\OAuthServerMiddleware.Client.cs
FN:9,System.Void Faaast.Authentication.OAuth2Server.Core.OAuthServerMiddleware/<HandleClientCredentialsAsync>d__3::MoveNext()
FNDA:3,System.Void Faaast.Authentication.OAuth2Server.Core.OAuthServerMiddleware/<HandleClientCredentialsAsync>d__3::MoveNext()
DA:10,3
DA:11,3
DA:12,3
DA:13,0
DA:14,0
DA:15,0
DA:16,0
DA:17,0
DA:18,0
DA:19,0
DA:21,3
DA:22,3
BRDA:12,179,0,0
BRDA:12,179,1,3
FN:24,System.Void Faaast.Authentication.OAuth2Server.Core.OAuthServerMiddleware/<ValidateClientCredentialsAsync>d__4::MoveNext()
FNDA:10,System.Void Faaast.Authentication.OAuth2Server.Core.OAuthServerMiddleware/<ValidateClientCredentialsAsync>d__4::MoveNext()
DA:25,10
DA:26,10
DA:28,10
DA:29,10
DA:30,10
DA:31,10
DA:32,4
DA:33,4
DA:36,6
DA:37,6
DA:38,10
BRDA:28,75,0,4
BRDA:28,75,1,6
BRDA:31,396,0,7
BRDA:31,396,1,3
BRDA:31,432,0,4
BRDA:31,432,1,6
LF:23
LH:16
BRF:8
BRH:7
FNF:2
FNH:2
end_of_record
SF:C:\Projects\Faaast\src\Faaast.OAuth2Server\Core\OAuthServerOptions.cs
FN:6,System.Boolean Faaast.Authentication.OAuth2Server.Core.OAuthServerOptions::get_DisplayErrors()
FNDA:25,System.Boolean Faaast.Authentication.OAuth2Server.Core.OAuthServerOptions::get_DisplayErrors()
DA:7,25
FN:8,System.String Faaast.Authentication.OAuth2Server.Core.OAuthServerOptions::get_Issuer()
FNDA:21,System.String Faaast.Authentication.OAuth2Server.Core.OAuthServerOptions::get_Issuer()
DA:9,21
FN:10,System.Boolean Faaast.Authentication.OAuth2Server.Core.OAuthServerOptions::get_AllowInsecureHttp()
FNDA:20,System.Boolean Faaast.Authentication.OAuth2Server.Core.OAuthServerOptions::get_AllowInsecureHttp()
DA:11,20
FN:12,System.TimeSpan Faaast.Authentication.OAuth2Server.Core.OAuthServerOptions::get_AccessTokenExpireTimeSpan()
FNDA:12,System.TimeSpan Faaast.Authentication.OAuth2Server.Core.OAuthServerOptions::get_AccessTokenExpireTimeSpan()
DA:13,12
FN:13,System.TimeSpan Faaast.Authentication.OAuth2Server.Core.OAuthServerOptions::get_RefreshTokenExpireTimeSpan()
FNDA:11,System.TimeSpan Faaast.Authentication.OAuth2Server.Core.OAuthServerOptions::get_RefreshTokenExpireTimeSpan()
DA:14,11
FN:15,System.String Faaast.Authentication.OAuth2Server.Core.OAuthServerOptions::get_TokenEndpointPath()
FNDA:54,System.String Faaast.Authentication.OAuth2Server.Core.OAuthServerOptions::get_TokenEndpointPath()
DA:16,54
FN:17,System.String Faaast.Authentication.OAuth2Server.Core.OAuthServerOptions::get_AuthorizeEndpointPath()
FNDA:52,System.String Faaast.Authentication.OAuth2Server.Core.OAuthServerOptions::get_AuthorizeEndpointPath()
DA:18,52
FN:19,System.String Faaast.Authentication.OAuth2Server.Core.OAuthServerOptions::get_UserEndpointPath()
FNDA:40,System.String Faaast.Authentication.OAuth2Server.Core.OAuthServerOptions::get_UserEndpointPath()
DA:20,40
FN:21,System.String Faaast.Authentication.OAuth2Server.Core.OAuthServerOptions::get_UserConsentPath()
FNDA:21,System.String Faaast.Authentication.OAuth2Server.Core.OAuthServerOptions::get_UserConsentPath()
DA:22,21
FN:23,System.String Faaast.Authentication.OAuth2Server.Core.OAuthServerOptions::get_LoginPath()
FNDA:21,System.String Faaast.Authentication.OAuth2Server.Core.OAuthServerOptions::get_LoginPath()
DA:24,21
FN:25,System.String Faaast.Authentication.OAuth2Server.Core.OAuthServerOptions::get_LogoutPath()
FNDA:20,System.String Faaast.Authentication.OAuth2Server.Core.OAuthServerOptions::get_LogoutPath()
DA:26,20
LF:11
LH:11
BRF:0
BRH:0
FNF:11
FNH:11
end_of_record
SF:C:\Projects\Faaast\src\Faaast.OAuth2Server\Core\StageValidationContext.cs
FN:7,Faaast.Authentication.OAuth2Server.Core.ValidationContext Faaast.Authentication.OAuth2Server.Core.StageValidationContext::get_Source()
FNDA:151,Faaast.Authentication.OAuth2Server.Core.ValidationContext Faaast.Authentication.OAuth2Server.Core.StageValidationContext::get_Source()
DA:8,151
FN:9,System.String Faaast.Authentication.OAuth2Server.Core.StageValidationContext::get_ClientId()
FNDA:10,System.String Faaast.Authentication.OAuth2Server.Core.StageValidationContext::get_ClientId()
DA:10,10
FN:11,System.String Faaast.Authentication.OAuth2Server.Core.StageValidationContext::get_ClientSecret()
FNDA:4,System.String Faaast.Authentication.OAuth2Server.Core.StageValidationContext::get_ClientSecret()
DA:12,4
FN:13,Microsoft.AspNetCore.Http.HttpContext Faaast.Authentication.OAuth2Server.Core.StageValidationContext::get_HttpContext()
FNDA:19,Microsoft.AspNetCore.Http.HttpContext Faaast.Authentication.OAuth2Server.Core.StageValidationContext::get_HttpContext()
DA:14,19
FN:15,System.String Faaast.Authentication.OAuth2Server.Core.StageValidationContext::get_GrantType()
FNDA:5,System.String Faaast.Authentication.OAuth2Server.Core.StageValidationContext::get_GrantType()
DA:16,5
FN:17,System.String Faaast.Authentication.OAuth2Server.Core.StageValidationContext::get_Code()
FNDA:1,System.String Faaast.Authentication.OAuth2Server.Core.StageValidationContext::get_Code()
DA:18,1
FN:19,System.String Faaast.Authentication.OAuth2Server.Core.StageValidationContext::get_UserName()
FNDA:0,System.String Faaast.Authentication.OAuth2Server.Core.StageValidationContext::get_UserName()
DA:20,0
FN:21,System.String Faaast.Authentication.OAuth2Server.Core.StageValidationContext::get_Password()
FNDA:0,System.String Faaast.Authentication.OAuth2Server.Core.StageValidationContext::get_Password()
DA:22,0
FN:23,System.String[] Faaast.Authentication.OAuth2Server.Core.StageValidationContext::get_Scope()
FNDA:9,System.String[] Faaast.Authentication.OAuth2Server.Core.StageValidationContext::get_Scope()
DA:24,9
FN:25,System.String Faaast.Authentication.OAuth2Server.Core.StageValidationContext::get_ResponseType()
FNDA:0,System.String Faaast.Authentication.OAuth2Server.Core.StageValidationContext::get_ResponseType()
DA:26,0
FN:27,System.String Faaast.Authentication.OAuth2Server.Core.StageValidationContext::get_State()
FNDA:2,System.String Faaast.Authentication.OAuth2Server.Core.StageValidationContext::get_State()
DA:28,2
FN:29,System.String Faaast.Authentication.OAuth2Server.Core.StageValidationContext::get_RedirectUri()
FNDA:23,System.String Faaast.Authentication.OAuth2Server.Core.StageValidationContext::get_RedirectUri()
DA:30,23
FN:31,System.String Faaast.Authentication.OAuth2Server.Core.StageValidationContext::get_Audience()
FNDA:14,System.String Faaast.Authentication.OAuth2Server.Core.StageValidationContext::get_Audience()
DA:32,14
FN:33,Faaast.Authentication.OAuth2Server.Client Faaast.Authentication.OAuth2Server.Core.StageValidationContext::get_Client()
FNDA:28,Faaast.Authentication.OAuth2Server.Client Faaast.Authentication.OAuth2Server.Core.StageValidationContext::get_Client()
DA:34,28
FN:35,System.Boolean Faaast.Authentication.OAuth2Server.Core.StageValidationContext::get_IsValidated()
FNDA:50,System.Boolean Faaast.Authentication.OAuth2Server.Core.StageValidationContext::get_IsValidated()
DA:36,50
FN:37,System.Boolean Faaast.Authentication.OAuth2Server.Core.StageValidationContext::get_HasError()
FNDA:22,System.Boolean Faaast.Authentication.OAuth2Server.Core.StageValidationContext::get_HasError()
DA:38,22
FN:39,Faaast.Authentication.OAuth2Server.ErrorCodes Faaast.Authentication.OAuth2Server.Core.StageValidationContext::get_ErrorCode()
FNDA:5,Faaast.Authentication.OAuth2Server.ErrorCodes Faaast.Authentication.OAuth2Server.Core.StageValidationContext::get_ErrorCode()
DA:40,5
FN:40,System.String Faaast.Authentication.OAuth2Server.Core.StageValidationContext::get_Error()
FNDA:10,System.String Faaast.Authentication.OAuth2Server.Core.StageValidationContext::get_Error()
DA:41,10
FN:42,System.String Faaast.Authentication.OAuth2Server.Core.StageValidationContext::get_AccessToken()
FNDA:0,System.String Faaast.Authentication.OAuth2Server.Core.StageValidationContext::get_AccessToken()
DA:43,0
FN:43,System.String Faaast.Authentication.OAuth2Server.Core.StageValidationContext::get_RefreshToken()
FNDA:0,System.String Faaast.Authentication.OAuth2Server.Core.StageValidationContext::get_RefreshToken()
DA:44,0
FN:45,System.String Faaast.Authentication.OAuth2Server.Core.StageValidationContext::get_AppSecretProof()
FNDA:0,System.String Faaast.Authentication.OAuth2Server.Core.StageValidationContext::get_AppSecretProof()
DA:46,0
FN:48,System.Threading.Tasks.Task`1<Faaast.Authentication.OAuth2Server.Core.StageValidationContext> Faaast.Authentication.OAuth2Server.Core.StageValidationContext::ValidateAsync()
FNDA:17,System.Threading.Tasks.Task`1<Faaast.Authentication.OAuth2Server.Core.StageValidationContext> Faaast.Authentication.OAuth2Server.Core.StageValidationContext::ValidateAsync()
DA:49,17
DA:50,17
DA:51,17
DA:52,17
DA:53,17
FN:55,System.Threading.Tasks.Task`1<Faaast.Authentication.OAuth2Server.Core.StageValidationContext> Faaast.Authentication.OAuth2Server.Core.StageValidationContext::RejectAsync(Faaast.Authentication.OAuth2Server.ErrorCodes,System.String)
FNDA:5,System.Threading.Tasks.Task`1<Faaast.Authentication.OAuth2Server.Core.StageValidationContext> Faaast.Authentication.OAuth2Server.Core.StageValidationContext::RejectAsync(Faaast.Authentication.OAuth2Server.ErrorCodes,System.String)
DA:56,5
DA:57,5
DA:58,5
DA:59,5
DA:60,5
DA:61,5
DA:62,5
FN:63,System.Void Faaast.Authentication.OAuth2Server.Core.StageValidationContext::.ctor(Faaast.Authentication.OAuth2Server.Core.ValidationContext)
FNDA:72,System.Void Faaast.Authentication.OAuth2Server.Core.StageValidationContext::.ctor(Faaast.Authentication.OAuth2Server.Core.ValidationContext)
DA:64,72
LF:34
LH:28
BRF:0
BRH:0
FNF:24
FNH:18
end_of_record
SF:C:\Projects\Faaast\src\Faaast.OAuth2Server\Core\ValidationContext.cs
FN:9,System.String Faaast.Authentication.OAuth2Server.Core.ValidationContext::get_ClientId()
FNDA:20,System.String Faaast.Authentication.OAuth2Server.Core.ValidationContext::get_ClientId()
DA:10,20
FN:11,System.String Faaast.Authentication.OAuth2Server.Core.ValidationContext::get_ClientSecret()
FNDA:8,System.String Faaast.Authentication.OAuth2Server.Core.ValidationContext::get_ClientSecret()
DA:12,8
FN:13,Microsoft.AspNetCore.Http.HttpContext Faaast.Authentication.OAuth2Server.Core.ValidationContext::get_HttpContext()
FNDA:46,Microsoft.AspNetCore.Http.HttpContext Faaast.Authentication.OAuth2Server.Core.ValidationContext::get_HttpContext()
DA:14,46
FN:15,System.String Faaast.Authentication.OAuth2Server.Core.ValidationContext::get_GrantType()
FNDA:9,System.String Faaast.Authentication.OAuth2Server.Core.ValidationContext::get_GrantType()
DA:16,9
FN:17,System.String Faaast.Authentication.OAuth2Server.Core.ValidationContext::get_Code()
FNDA:5,System.String Faaast.Authentication.OAuth2Server.Core.ValidationContext::get_Code()
DA:18,5
FN:19,System.String Faaast.Authentication.OAuth2Server.Core.ValidationContext::get_UserName()
FNDA:4,System.String Faaast.Authentication.OAuth2Server.Core.ValidationContext::get_UserName()
DA:20,4
FN:21,System.String Faaast.Authentication.OAuth2Server.Core.ValidationContext::get_Password()
FNDA:4,System.String Faaast.Authentication.OAuth2Server.Core.ValidationContext::get_Password()
DA:22,4
FN:23,System.String[] Faaast.Authentication.OAuth2Server.Core.ValidationContext::get_Scope()
FNDA:19,System.String[] Faaast.Authentication.OAuth2Server.Core.ValidationContext::get_Scope()
DA:24,19
FN:25,System.String Faaast.Authentication.OAuth2Server.Core.ValidationContext::get_Audience()
FNDA:11,System.String Faaast.Authentication.OAuth2Server.Core.ValidationContext::get_Audience()
DA:26,11
FN:27,System.String Faaast.Authentication.OAuth2Server.Core.ValidationContext::get_ResponseType()
FNDA:6,System.String Faaast.Authentication.OAuth2Server.Core.ValidationContext::get_ResponseType()
DA:28,6
FN:29,System.String Faaast.Authentication.OAuth2Server.Core.ValidationContext::get_State()
FNDA:8,System.String Faaast.Authentication.OAuth2Server.Core.ValidationContext::get_State()
DA:30,8
FN:31,System.String Faaast.Authentication.OAuth2Server.Core.ValidationContext::get_RedirectUri()
FNDA:21,System.String Faaast.Authentication.OAuth2Server.Core.ValidationContext::get_RedirectUri()
DA:32,21
FN:33,System.String Faaast.Authentication.OAuth2Server.Core.ValidationContext::get_AccessToken()
FNDA:10,System.String Faaast.Authentication.OAuth2Server.Core.ValidationContext::get_AccessToken()
DA:34,10
FN:34,System.String Faaast.Authentication.OAuth2Server.Core.ValidationContext::get_RefreshToken()
FNDA:4,System.String Faaast.Authentication.OAuth2Server.Core.ValidationContext::get_RefreshToken()
DA:35,4
FN:35,System.String Faaast.Authentication.OAuth2Server.Core.ValidationContext::get_AppSecretProof()
FNDA:6,System.String Faaast.Authentication.OAuth2Server.Core.ValidationContext::get_AppSecretProof()
DA:36,6
FN:37,Faaast.Authentication.OAuth2Server.Client Faaast.Authentication.OAuth2Server.Core.ValidationContext::get_Client()
FNDA:22,Faaast.Authentication.OAuth2Server.Client Faaast.Authentication.OAuth2Server.Core.ValidationContext::get_Client()
DA:38,22
FN:40,Faaast.Authentication.OAuth2Server.Core.ValidationContext Faaast.Authentication.OAuth2Server.Core.ValidationContext::Create(Microsoft.AspNetCore.Http.HttpContext)
FNDA:10,Faaast.Authentication.OAuth2Server.Core.ValidationContext Faaast.Authentication.OAuth2Server.Core.ValidationContext::Create(Microsoft.AspNetCore.Http.HttpContext)
DA:41,10
DA:42,10
DA:43,4
DA:44,4
DA:45,4
DA:46,4
DA:47,4
DA:48,4
DA:49,4
DA:50,4
DA:51,4
DA:52,4
DA:53,4
DA:54,4
DA:55,4
DA:56,4
DA:57,4
DA:58,4
DA:59,4
DA:61,4
DA:62,4
DA:63,0
DA:64,0
DA:65,0
DA:66,0
DA:67,0
DA:68,0
DA:69,0
DA:70,0
DA:72,4
DA:74,6
DA:75,6
DA:76,6
DA:77,6
DA:78,6
DA:79,6
DA:80,6
DA:81,6
DA:82,6
DA:83,6
DA:84,6
DA:85,6
DA:86,6
DA:87,6
DA:90,0
DA:91,10
BRDA:42,19,0,4
BRDA:45,233,0,4
BRDA:45,233,1,0
BRDA:45,248,0,4
BRDA:45,248,1,4
BRDA:62,421,0,0
BRDA:62,421,1,4
BRDA:62,442,0,0
BRDA:65,488,0,0
BRDA:65,488,1,0
BRDA:62,442,1,4
BRDA:42,19,1,6
BRDA:74,543,0,6
BRDA:77,620,0,0
BRDA:77,620,1,6
BRDA:77,666,0,0
BRDA:77,666,1,6
BRDA:77,704,0,0
BRDA:77,704,1,6
BRDA:74,543,1,0
LF:62
LH:53
BRF:20
BRH:11
FNF:17
FNH:17
end_of_record
SF:C:\Projects\Faaast\src\Faaast.OAuth2Server\ApplicationBuilderExtensions.cs
FN:12,Microsoft.AspNetCore.Builder.IApplicationBuilder Faaast.OAuth2Server.ApplicationBuilderExtensions::UseFaaastOAuthServer(Microsoft.AspNetCore.Builder.IApplicationBuilder,System.Action`1<Faaast.Authentication.OAuth2Server.Core.OAuthServerOptions>)
FNDA:10,Microsoft.AspNetCore.Builder.IApplicationBuilder Faaast.OAuth2Server.ApplicationBuilderExtensions::UseFaaastOAuthServer(Microsoft.AspNetCore.Builder.IApplicationBuilder,System.Action`1<Faaast.Authentication.OAuth2Server.Core.OAuthServerOptions>)
DA:13,10
DA:14,10
DA:15,10
DA:16,20
DA:17,20
DA:19,10
DA:20,10
FN:21,System.Boolean Faaast.OAuth2Server.ApplicationBuilderExtensions::IsValidRequest(Microsoft.AspNetCore.Http.HttpContext,Faaast.Authentication.OAuth2Server.Core.OAuthServerOptions)
FNDA:10,System.Boolean Faaast.OAuth2Server.ApplicationBuilderExtensions::IsValidRequest(Microsoft.AspNetCore.Http.HttpContext,Faaast.Authentication.OAuth2Server.Core.OAuthServerOptions)
DA:22,10
BRDA:22,7,0,4
BRDA:22,16,0,0
BRDA:22,25,0,0
BRDA:22,7,1,10
BRDA:22,16,1,10
BRDA:22,25,1,10
FN:23,System.Boolean Faaast.OAuth2Server.ApplicationBuilderExtensions::IsValidTokenRequest(Microsoft.AspNetCore.Http.HttpContext,Faaast.Authentication.OAuth2Server.Core.OAuthServerOptions)
FNDA:4,System.Boolean Faaast.OAuth2Server.ApplicationBuilderExtensions::IsValidTokenRequest(Microsoft.AspNetCore.Http.HttpContext,Faaast.Authentication.OAuth2Server.Core.OAuthServerOptions)
DA:24,4
DA:25,4
DA:26,4
BRDA:24,21,0,4
BRDA:24,44,0,4
BRDA:24,21,1,0
BRDA:24,44,1,0
FN:27,System.Boolean Faaast.OAuth2Server.ApplicationBuilderExtensions::IsAuthorizeRequest(Microsoft.AspNetCore.Http.HttpContext,Faaast.Authentication.OAuth2Server.Core.OAuthServerOptions)
FNDA:10,System.Boolean Faaast.OAuth2Server.ApplicationBuilderExtensions::IsAuthorizeRequest(Microsoft.AspNetCore.Http.HttpContext,Faaast.Authentication.OAuth2Server.Core.OAuthServerOptions)
DA:28,10
DA:29,10
BRDA:28,21,0,6
BRDA:28,21,1,4
FN:30,System.Boolean Faaast.OAuth2Server.ApplicationBuilderExtensions::IsUserRequest(Microsoft.AspNetCore.Http.HttpContext,Faaast.Authentication.OAuth2Server.Core.OAuthServerOptions)
FNDA:0,System.Boolean Faaast.OAuth2Server.ApplicationBuilderExtensions::IsUserRequest(Microsoft.AspNetCore.Http.HttpContext,Faaast.Authentication.OAuth2Server.Core.OAuthServerOptions)
DA:31,0
DA:32,0
BRDA:31,21,0,0
BRDA:31,21,1,0
FN:33,System.Boolean Faaast.OAuth2Server.ApplicationBuilderExtensions::IsLogOutRequest(Microsoft.AspNetCore.Http.HttpContext,Faaast.Authentication.OAuth2Server.Core.OAuthServerOptions)
FNDA:0,System.Boolean Faaast.OAuth2Server.ApplicationBuilderExtensions::IsLogOutRequest(Microsoft.AspNetCore.Http.HttpContext,Faaast.Authentication.OAuth2Server.Core.OAuthServerOptions)
DA:34,0
DA:35,0
BRDA:34,21,0,0
BRDA:34,21,1,0
LF:17
LH:13
BRF:16
BRH:8
FNF:6
FNH:4
end_of_record
SF:C:\Projects\Faaast\src\Faaast.DatabaseModel\Column.cs
FN:8,System.String Faaast.DatabaseModel.Column::get_Name()
FNDA:0,System.String Faaast.DatabaseModel.Column::get_Name()
DA:9,0
FN:10,System.Boolean Faaast.DatabaseModel.Column::get_Identity()
FNDA:0,System.Boolean Faaast.DatabaseModel.Column::get_Identity()
DA:11,0
FN:12,System.Boolean Faaast.DatabaseModel.Column::get_Computed()
FNDA:0,System.Boolean Faaast.DatabaseModel.Column::get_Computed()
DA:13,0
FN:14,System.Boolean Faaast.DatabaseModel.Column::get_PrimaryKey()
FNDA:0,System.Boolean Faaast.DatabaseModel.Column::get_PrimaryKey()
DA:15,0
FN:16,System.Void Faaast.DatabaseModel.Column::.ctor(System.String)
FNDA:0,System.Void Faaast.DatabaseModel.Column::.ctor(System.String)
DA:17,0
LF:5
LH:0
BRF:0
BRH:0
FNF:5
FNH:0
end_of_record
SF:C:\Projects\Faaast\src\Faaast.DatabaseModel\ConnectionSettings.cs
FN:6,System.String Faaast.DatabaseModel.ConnectionSettings::get_Name()
FNDA:0,System.String Faaast.DatabaseModel.ConnectionSettings::get_Name()
DA:7,0
FN:8,Faaast.DatabaseModel.SqlEngine Faaast.DatabaseModel.ConnectionSettings::get_Engine()
FNDA:0,Faaast.DatabaseModel.SqlEngine Faaast.DatabaseModel.ConnectionSettings::get_Engine()
DA:9,0
FN:10,System.Func`2<Faaast.DatabaseModel.ConnectionSettings,System.String> Faaast.DatabaseModel.ConnectionSettings::get_ConnectionString()
FNDA:0,System.Func`2<Faaast.DatabaseModel.ConnectionSettings,System.String> Faaast.DatabaseModel.ConnectionSettings::get_ConnectionString()
DA:11,0
FN:12,System.Void Faaast.DatabaseModel.ConnectionSettings::.ctor(System.String,Faaast.DatabaseModel.SqlEngine,System.String)
FNDA:0,System.Void Faaast.DatabaseModel.ConnectionSettings::.ctor(System.String,Faaast.DatabaseModel.SqlEngine,System.String)
DA:13,0
DA:14,0
DA:15,0
FN:16,System.Void Faaast.DatabaseModel.ConnectionSettings::.ctor(System.String,Faaast.DatabaseModel.SqlEngine,System.Func`2<Faaast.DatabaseModel.ConnectionSettings,System.String>)
FNDA:0,System.Void Faaast.DatabaseModel.ConnectionSettings::.ctor(System.String,Faaast.DatabaseModel.SqlEngine,System.Func`2<Faaast.DatabaseModel.ConnectionSettings,System.String>)
DA:17,0
DA:18,0
DA:19,0
DA:20,0
DA:21,0
DA:22,0
LF:12
LH:0
BRF:0
BRH:0
FNF:5
FNH:0
end_of_record
SF:C:\Projects\Faaast\src\Faaast.DatabaseModel\Database.cs
FN:9,Faaast.DatabaseModel.ConnectionSettings Faaast.DatabaseModel.Database::get_Connexion()
FNDA:0,Faaast.DatabaseModel.ConnectionSettings Faaast.DatabaseModel.Database::get_Connexion()
DA:10,0
FN:11,System.Collections.Generic.ICollection`1<Faaast.DatabaseModel.Table> Faaast.DatabaseModel.Database::get_Tables()
FNDA:0,System.Collections.Generic.ICollection`1<Faaast.DatabaseModel.Table> Faaast.DatabaseModel.Database::get_Tables()
DA:12,0
FN:13,System.Void Faaast.DatabaseModel.Database::.ctor(Faaast.DatabaseModel.ConnectionSettings)
FNDA:0,System.Void Faaast.DatabaseModel.Database::.ctor(Faaast.DatabaseModel.ConnectionSettings)
DA:14,0
DA:15,0
DA:16,0
DA:17,0
DA:18,0
LF:7
LH:0
BRF:0
BRH:0
FNF:3
FNH:0
end_of_record
SF:C:\Projects\Faaast\src\Faaast.DatabaseModel\DatabaseStore.cs
FN:7,System.Collections.Concurrent.ConcurrentDictionary`2<System.String,Faaast.DatabaseModel.IDatabase> Faaast.DatabaseModel.DatabaseStore::get_Databases()
FNDA:0,System.Collections.Concurrent.ConcurrentDictionary`2<System.String,Faaast.DatabaseModel.IDatabase> Faaast.DatabaseModel.DatabaseStore::get_Databases()
DA:8,0
FN:12,Faaast.DatabaseModel.IDatabase Faaast.DatabaseModel.DatabaseStore::get_Item(System.String)
FNDA:0,Faaast.DatabaseModel.IDatabase Faaast.DatabaseModel.DatabaseStore::get_Item(System.String)
DA:13,0
DA:14,0
DA:15,0
DA:16,0
FN:16,System.Void Faaast.DatabaseModel.DatabaseStore::set_Item(System.String,Faaast.DatabaseModel.IDatabase)
FNDA:0,System.Void Faaast.DatabaseModel.DatabaseStore::set_Item(System.String,Faaast.DatabaseModel.IDatabase)
DA:17,0
LF:6
LH:0
BRF:0
BRH:0
FNF:3
FNH:0
end_of_record
SF:C:\Projects\Faaast\src\Faaast.DatabaseModel\DbMeta.cs
FN:6,System.Void Faaast.DatabaseModel.DbMeta::.cctor()
FNDA:0,System.Void Faaast.DatabaseModel.DbMeta::.cctor()
DA:7,0
DA:8,0
DA:9,0
DA:10,0
DA:11,0
DA:12,0
DA:13,0
LF:7
LH:0
BRF:0
BRH:0
FNF:1
FNH:0
end_of_record
SF:C:\Projects\Faaast\src\Faaast.DatabaseModel\Table.cs
FN:9,System.String Faaast.DatabaseModel.Table::get_Name()
FNDA:0,System.String Faaast.DatabaseModel.Table::get_Name()
DA:10,0
FN:11,System.String Faaast.DatabaseModel.Table::get_Schema()
FNDA:0,System.String Faaast.DatabaseModel.Table::get_Schema()
DA:12,0
FN:13,System.Collections.Generic.ICollection`1<Faaast.DatabaseModel.Column> Faaast.DatabaseModel.Table::get_Columns()
FNDA:0,System.Collections.Generic.ICollection`1<Faaast.DatabaseModel.Column> Faaast.DatabaseModel.Table::get_Columns()
DA:14,0
LF:3
LH:0
BRF:0
BRH:0
FNF:3
FNH:0
end_of_record
SF:C:\Projects\Faaast\src\Faaast.DatabaseModel\ApplicationBuilderExtensions.cs
FN:8,Microsoft.Extensions.DependencyInjection.IServiceCollection Microsoft.Extensions.DependencyInjection.ApplicationBuilderExtensions::AddDatabaseModel(Microsoft.Extensions.DependencyInjection.IServiceCollection)
FNDA:0,Microsoft.Extensions.DependencyInjection.IServiceCollection Microsoft.Extensions.DependencyInjection.ApplicationBuilderExtensions::AddDatabaseModel(Microsoft.Extensions.DependencyInjection.IServiceCollection)
DA:9,0
DA:10,0
DA:11,0
DA:12,0
LF:4
LH:0
BRF:0
BRH:0
FNF:1
FNH:0
end_of_record
SF:C:\Projects\Faaast\src\Faaast.Metadata\DefaultObjectMapper.cs
FN:9,System.Collections.Generic.Dictionary`2<System.Type,Faaast.Metadata.DtoClass> Faaast.Metadata.DefaultObjectMapper::get_Definitions()
FNDA:80,System.Collections.Generic.Dictionary`2<System.Type,Faaast.Metadata.DtoClass> Faaast.Metadata.DefaultObjectMapper::get_Definitions()
DA:10,80
FN:14,Faaast.Metadata.DtoClass Faaast.Metadata.DefaultObjectMapper::Get(System.Type)
FNDA:16,Faaast.Metadata.DtoClass Faaast.Metadata.DefaultObjectMapper::Get(System.Type)
DA:15,16
DA:16,16
DA:17,16
DA:18,16
DA:19,16
DA:20,16
DA:21,16
DA:22,16
DA:23,16
DA:24,16
DA:25,16
DA:26,16
DA:27,16
DA:29,16
DA:31,16
BRDA:18,41,0,16
BRDA:22,84,0,16
BRDA:22,84,1,16
BRDA:18,41,1,16
FN:33,Faaast.Metadata.DtoClass Faaast.Metadata.DefaultObjectMapper::Build(System.Type)
FNDA:16,Faaast.Metadata.DtoClass Faaast.Metadata.DefaultObjectMapper::Build(System.Type)
DA:34,16
DA:35,16
DA:36,16
DA:37,16
DA:39,290
DA:40,121
DA:41,121
DA:42,121
DA:43,121
DA:44,121
DA:45,121
DA:46,121
DA:48,121
DA:49,106
DA:50,106
DA:51,106
DA:52,106
DA:54,121
DA:55,121
DA:57,80
DA:58,16
DA:59,16
DA:60,16
DA:61,16
DA:62,16
DA:63,16
DA:64,16
DA:65,16
DA:66,16
DA:68,16
DA:69,16
BRDA:39,183,1,121
BRDA:42,89,0,121
BRDA:42,89,1,121
BRDA:48,129,0,106
BRDA:48,129,1,121
BRDA:39,183,0,16
BRDA:57,304,1,16
BRDA:57,304,0,16
FN:71,System.Func`1<System.Object> Faaast.Metadata.DefaultObjectMapper::GenerateActivator(System.Type,System.Reflection.ConstructorInfo)
FNDA:16,System.Func`1<System.Object> Faaast.Metadata.DefaultObjectMapper::GenerateActivator(System.Type,System.Reflection.ConstructorInfo)
DA:72,16
DA:73,16
DA:74,1
DA:75,2
DA:78,15
DA:79,15
DA:80,15
DA:81,15
DA:82,16
BRDA:73,25,0,1
BRDA:73,25,1,15
FN:84,System.Func`2<System.Object,System.Object> Faaast.Metadata.DefaultObjectMapper::GenerateGetter(System.Type,System.Reflection.MemberInfo)
FNDA:137,System.Func`2<System.Object,System.Object> Faaast.Metadata.DefaultObjectMapper::GenerateGetter(System.Type,System.Reflection.MemberInfo)
DA:85,137
DA:86,137
DA:87,137
DA:89,137
DA:90,137
DA:91,137
DA:92,137
DA:93,137
DA:94,137
DA:95,137
BRDA:89,38,0,16
BRDA:89,38,1,121
FN:97,System.Action`2<System.Object,System.Object> Faaast.Metadata.DefaultObjectMapper::GenerateSetter(System.Type,System.Reflection.MemberInfo)
FNDA:122,System.Action`2<System.Object,System.Object> Faaast.Metadata.DefaultObjectMapper::GenerateSetter(System.Type,System.Reflection.MemberInfo)
DA:98,122
DA:99,122
DA:100,122
DA:101,122
DA:104,122
DA:105,106
DA:106,106
DA:107,106
DA:108,106
DA:110,16
DA:111,16
DA:112,16
DA:113,16
DA:114,16
DA:115,16
DA:117,122
DA:118,122
DA:119,122
BRDA:104,68,0,106
BRDA:104,68,1,16
BRDA:112,136,0,1
BRDA:112,136,1,15
FN:11,System.Void Faaast.Metadata.DefaultObjectMapper::.ctor()
FNDA:16,System.Void Faaast.Metadata.DefaultObjectMapper::.ctor()
DA:12,16
LF:85
LH:85
BRF:20
BRH:20
FNF:7
FNH:7
end_of_record
SF:C:\Projects\Faaast\src\Faaast.Metadata\DtoClass.cs
FN:8,System.String Faaast.Metadata.DtoClass::get_Name()
FNDA:17,System.String Faaast.Metadata.DtoClass::get_Name()
DA:9,17
FN:10,System.Type Faaast.Metadata.DtoClass::get_Type()
FNDA:17,System.Type Faaast.Metadata.DtoClass::get_Type()
DA:11,17
FN:12,System.Collections.Generic.Dictionary`2<System.String,Faaast.Metadata.DtoProperty> Faaast.Metadata.DtoClass::get_Properties()
FNDA:167,System.Collections.Generic.Dictionary`2<System.String,Faaast.Metadata.DtoProperty> Faaast.Metadata.DtoClass::get_Properties()
DA:13,167
FN:14,System.Func`1<System.Object> Faaast.Metadata.DtoClass::get_Activator()
FNDA:17,System.Func`1<System.Object> Faaast.Metadata.DtoClass::get_Activator()
DA:15,17
FN:18,Faaast.Metadata.DtoProperty Faaast.Metadata.DtoClass::get_Item(System.String)
FNDA:12,Faaast.Metadata.DtoProperty Faaast.Metadata.DtoClass::get_Item(System.String)
DA:19,12
BRDA:19,14,0,1
BRDA:19,14,1,11
FN:19,System.Void Faaast.Metadata.DtoClass::set_Item(System.String,Faaast.Metadata.DtoProperty)
FNDA:137,System.Void Faaast.Metadata.DtoClass::set_Item(System.String,Faaast.Metadata.DtoProperty)
DA:20,137
FN:29,System.Collections.Generic.IEnumerator`1<Faaast.Metadata.DtoProperty> Faaast.Metadata.DtoClass::GetEnumerator()
FNDA:1,System.Collections.Generic.IEnumerator`1<Faaast.Metadata.DtoProperty> Faaast.Metadata.DtoClass::GetEnumerator()
DA:30,1
FN:31,System.Collections.IEnumerator Faaast.Metadata.DtoClass::System.Collections.IEnumerable.GetEnumerator()
FNDA:1,System.Collections.IEnumerator Faaast.Metadata.DtoClass::System.Collections.IEnumerable.GetEnumerator()
DA:32,1
FN:22,System.Void Faaast.Metadata.DtoClass::.ctor(System.Type)
FNDA:16,System.Void Faaast.Metadata.DtoClass::.ctor(System.Type)
DA:23,16
DA:24,16
DA:25,16
DA:26,16
DA:27,16
DA:28,16
LF:14
LH:14
BRF:2
BRH:2
FNF:9
FNH:9
end_of_record
SF:C:\Projects\Faaast\src\Faaast.Metadata\DtoProperty.cs
FN:8,System.String Faaast.Metadata.DtoProperty::get_Name()
FNDA:138,System.String Faaast.Metadata.DtoProperty::get_Name()
DA:9,138
FN:10,System.Type Faaast.Metadata.DtoProperty::get_Type()
FNDA:138,System.Type Faaast.Metadata.DtoProperty::get_Type()
DA:11,138
FN:12,System.Boolean Faaast.Metadata.DtoProperty::get_CanRead()
FNDA:146,System.Boolean Faaast.Metadata.DtoProperty::get_CanRead()
DA:13,146
FN:14,System.Boolean Faaast.Metadata.DtoProperty::get_CanWrite()
FNDA:131,System.Boolean Faaast.Metadata.DtoProperty::get_CanWrite()
DA:15,131
FN:16,System.Func`2<System.Object,System.Object> Faaast.Metadata.DtoProperty::get_Read()
FNDA:155,System.Func`2<System.Object,System.Object> Faaast.Metadata.DtoProperty::get_Read()
DA:17,155
FN:18,System.Action`2<System.Object,System.Object> Faaast.Metadata.DtoProperty::get_Write()
FNDA:136,System.Action`2<System.Object,System.Object> Faaast.Metadata.DtoProperty::get_Write()
DA:19,136
FN:20,System.Void Faaast.Metadata.DtoProperty::.ctor(System.String,System.Type)
FNDA:137,System.Void Faaast.Metadata.DtoProperty::.ctor(System.String,System.Type)
DA:21,137
DA:22,137
DA:23,137
DA:24,137
DA:25,137
LF:11
LH:11
BRF:0
BRH:0
FNF:7
FNH:7
end_of_record
SF:C:\Projects\Faaast\src\Faaast.Metadata\Metadata.cs
FN:4,System.String Faaast.Metadata.Metadata::get_Name()
FNDA:5,System.String Faaast.Metadata.Metadata::get_Name()
DA:5,5
FN:6,System.Void Faaast.Metadata.Metadata::.ctor(System.String)
FNDA:2,System.Void Faaast.Metadata.Metadata::.ctor(System.String)
DA:7,2
FN:13,System.Void Faaast.Metadata.Metadata`2::.ctor(System.String)
FNDA:1,System.Void Faaast.Metadata.Metadata`2::.ctor(System.String)
DA:14,1
DA:15,1
DA:16,1
LF:5
LH:5
BRF:0
BRH:0
FNF:3
FNH:3
end_of_record
SF:C:\Projects\Faaast\src\Faaast.Metadata\MetaModel.cs
FN:6,System.Collections.Generic.Dictionary`2<System.String,System.Object> Faaast.Metadata.MetaModel`1::get_Metadata()
FNDA:157,System.Collections.Generic.Dictionary`2<System.String,System.Object> Faaast.Metadata.MetaModel`1::get_Metadata()
DA:7,157
FN:9,T Faaast.Metadata.MetaModel`1::Get(Faaast.Metadata.Metadata`2<TModel,T>)
FNDA:2,T Faaast.Metadata.MetaModel`1::Get(Faaast.Metadata.Metadata`2<TModel,T>)
DA:10,2
DA:11,2
DA:12,2
DA:13,1
DA:14,1
DA:15,1
DA:17,2
DA:18,2
BRDA:12,30,0,1
BRDA:12,30,1,2
FN:19,System.Boolean Faaast.Metadata.MetaModel`1::Has(Faaast.Metadata.Metadata`2<TModel,T>)
FNDA:1,System.Boolean Faaast.Metadata.MetaModel`1::Has(Faaast.Metadata.Metadata`2<TModel,T>)
DA:20,1
FN:21,System.Void Faaast.Metadata.MetaModel`1::Set(Faaast.Metadata.Metadata`2<TModel,T>,T)
FNDA:1,System.Void Faaast.Metadata.MetaModel`1::Set(Faaast.Metadata.Metadata`2<TModel,T>,T)
DA:22,1
LF:11
LH:11
BRF:2
BRH:2
FNF:4
FNH:4
end_of_record
SF:C:\Projects\Faaast\src\Faaast.Metadata\ReadWriteSync.cs
FN:7,System.Int32 Faaast.Metadata.ReadWriteSync::get_DefaultTimeout()
FNDA:26,System.Int32 Faaast.Metadata.ReadWriteSync::get_DefaultTimeout()
DA:8,26
FN:18,System.Threading.ReaderWriterLock Faaast.Metadata.ReadWriteSync::get_SyncObject()
FNDA:97,System.Threading.ReaderWriterLock Faaast.Metadata.ReadWriteSync::get_SyncObject()
DA:19,97
FN:24,Faaast.Metadata.ReadWriteSync/SyncToken Faaast.Metadata.ReadWriteSync::ReadAccess(System.Nullable`1<System.Int32>)
FNDA:20,Faaast.Metadata.ReadWriteSync/SyncToken Faaast.Metadata.ReadWriteSync::ReadAccess(System.Nullable`1<System.Int32>)
DA:25,20
DA:26,20
DA:27,20
DA:28,40
DA:29,20
BRDA:26,12,0,3
BRDA:26,12,1,17
FN:31,Faaast.Metadata.ReadWriteSync/SyncToken Faaast.Metadata.ReadWriteSync::WriteAccess(System.Nullable`1<System.Int32>)
FNDA:2,Faaast.Metadata.ReadWriteSync/SyncToken Faaast.Metadata.ReadWriteSync::WriteAccess(System.Nullable`1<System.Int32>)
DA:32,2
DA:33,2
DA:34,2
DA:35,2
DA:36,1
BRDA:33,12,0,1
BRDA:33,12,1,1
FN:38,Faaast.Metadata.ReadWriteSync/SyncToken Faaast.Metadata.ReadWriteSync::UpgradeToWriteAccess(System.Nullable`1<System.Int32>)
FNDA:17,Faaast.Metadata.ReadWriteSync/SyncToken Faaast.Metadata.ReadWriteSync::UpgradeToWriteAccess(System.Nullable`1<System.Int32>)
DA:39,17
DA:40,17
DA:41,17
DA:42,34
DA:43,17
BRDA:40,25,0,1
BRDA:40,25,1,16
FN:20,System.Void Faaast.Metadata.ReadWriteSync::.ctor()
FNDA:40,System.Void Faaast.Metadata.ReadWriteSync::.ctor()
DA:21,40
FN:21,System.Void Faaast.Metadata.ReadWriteSync::.ctor(System.Int32)
FNDA:2,System.Void Faaast.Metadata.ReadWriteSync::.ctor(System.Int32)
DA:22,2
FN:11,System.Action Faaast.Metadata.ReadWriteSync/SyncToken::get_OnRelease()
FNDA:76,System.Action Faaast.Metadata.ReadWriteSync/SyncToken::get_OnRelease()
DA:12,76
FN:15,System.Void Faaast.Metadata.ReadWriteSync/SyncToken::Dispose()
FNDA:38,System.Void Faaast.Metadata.ReadWriteSync/SyncToken::Dispose()
DA:16,38
FN:13,System.Void Faaast.Metadata.ReadWriteSync/SyncToken::.ctor(System.Action)
FNDA:76,System.Void Faaast.Metadata.ReadWriteSync/SyncToken::.ctor(System.Action)
DA:14,76
LF:22
LH:22
BRF:6
BRH:6
FNF:10
FNH:10
end_of_record
SF:C:\Projects\Faaast\src\Faaast.Metadata\ApplicationBuilderExtensions.cs
FN:8,Microsoft.Extensions.DependencyInjection.IServiceCollection Microsoft.Extensions.DependencyInjection.ApplicationBuilderExtensions::AddMetadata(Microsoft.Extensions.DependencyInjection.IServiceCollection)
FNDA:16,Microsoft.Extensions.DependencyInjection.IServiceCollection Microsoft.Extensions.DependencyInjection.ApplicationBuilderExtensions::AddMetadata(Microsoft.Extensions.DependencyInjection.IServiceCollection)
DA:9,16
DA:10,16
DA:11,16
DA:12,16
LF:4
LH:4
BRF:0
BRH:0
FNF:1
FNH:1
end_of_record
SF:C:\Projects\Faaast\src\Faaast.Orm\DbExtensions.cs
FN:17,Faaast.Orm.Reader.FaaastCommand Faaast.Orm.DbExtensions::Query(Faaast.Orm.FaaastDb,System.String,System.Object,System.Data.Common.DbConnection,System.Data.Common.DbTransaction,System.Nullable`1<System.Int32>,System.Nullable`1<System.Data.CommandType>,System.Threading.CancellationToken)
FNDA:0,Faaast.Orm.Reader.FaaastCommand Faaast.Orm.DbExtensions::Query(Faaast.Orm.FaaastDb,System.String,System.Object,System.Data.Common.DbConnection,System.Data.Common.DbTransaction,System.Nullable`1<System.Int32>,System.Nullable`1<System.Data.CommandType>,System.Threading.CancellationToken)
DA:18,0
DA:19,0
DA:20,0
DA:21,0
DA:22,0
DA:23,0
DA:24,0
DA:25,0
DA:26,0
DA:27,0
BRDA:18,30,0,0
BRDA:18,30,1,0
FN:29,System.Threading.Tasks.Task Faaast.Orm.DbExtensions::TryPrepareAsync(System.Data.Common.DbCommand,System.Threading.CancellationToken)
FNDA:0,System.Threading.Tasks.Task Faaast.Orm.DbExtensions::TryPrepareAsync(System.Data.Common.DbCommand,System.Threading.CancellationToken)
DA:30,0
DA:34,0
DA:35,0
DA:36,0
DA:37,0
DA:39,0
DA:40,0
BRDA:34,13,0,0
BRDA:34,13,1,0
FN:42,System.Threading.Tasks.Task Faaast.Orm.DbExtensions::TryCloseAsync(System.Data.Common.DbConnection,System.Threading.CancellationToken)
FNDA:0,System.Threading.Tasks.Task Faaast.Orm.DbExtensions::TryCloseAsync(System.Data.Common.DbConnection,System.Threading.CancellationToken)
DA:43,0
DA:47,0
DA:48,0
DA:49,0
DA:50,0
DA:52,0
DA:54,0
BRDA:47,13,0,0
BRDA:47,13,1,0
FN:56,System.Threading.Tasks.Task Faaast.Orm.DbExtensions::TryDisposeAsync(System.Data.Common.DbConnection,System.Threading.CancellationToken)
FNDA:0,System.Threading.Tasks.Task Faaast.Orm.DbExtensions::TryDisposeAsync(System.Data.Common.DbConnection,System.Threading.CancellationToken)
DA:57,0
DA:61,0
DA:62,0
DA:63,0
DA:64,0
DA:66,0
DA:68,0
BRDA:61,13,0,0
BRDA:61,13,1,0
FN:223,T Faaast.Orm.DbExtensions::FirstOrDefault(Faaast.Orm.Reader.FaaastCommand)
FNDA:0,T Faaast.Orm.DbExtensions::FirstOrDefault(Faaast.Orm.Reader.FaaastCommand)
DA:224,0
DA:225,0
DA:226,0
DA:227,0
BRDA:226,19,0,0
BRDA:226,19,1,0
FN:229,System.Object[] Faaast.Orm.DbExtensions::FirstOrDefault(Faaast.Orm.Reader.FaaastCommand,System.Type[])
FNDA:0,System.Object[] Faaast.Orm.DbExtensions::FirstOrDefault(Faaast.Orm.Reader.FaaastCommand,System.Type[])
DA:230,0
DA:231,0
DA:232,0
DA:233,0
BRDA:232,20,0,0
BRDA:232,20,1,0
FN:247,T Faaast.Orm.DbExtensions::Single(Faaast.Orm.Reader.FaaastCommand)
FNDA:0,T Faaast.Orm.DbExtensions::Single(Faaast.Orm.Reader.FaaastCommand)
DA:248,0
DA:249,0
DA:250,0
DA:251,0
DA:252,0
DA:253,0
DA:254,0
DA:255,0
DA:256,0
DA:257,0
DA:259,0
DA:261,0
DA:262,0
BRDA:251,69,1,0
BRDA:255,48,0,0
BRDA:255,48,1,0
BRDA:251,69,0,0
FN:264,System.Object[] Faaast.Orm.DbExtensions::Single(Faaast.Orm.Reader.FaaastCommand,System.Type[])
FNDA:0,System.Object[] Faaast.Orm.DbExtensions::Single(Faaast.Orm.Reader.FaaastCommand,System.Type[])
DA:265,0
DA:266,0
DA:267,0
DA:268,0
DA:269,0
DA:270,0
DA:271,0
DA:272,0
DA:273,0
DA:274,0
DA:276,0
DA:278,0
DA:279,0
BRDA:268,64,1,0
BRDA:272,43,0,0
BRDA:272,43,1,0
BRDA:268,64,0,0
FN:314,System.Collections.Generic.IEnumerable`1<System.Object[]> Faaast.Orm.DbExtensions::Fetch(Faaast.Orm.Reader.FaaastCommand,System.Type[])
FNDA:0,System.Collections.Generic.IEnumerable`1<System.Object[]> Faaast.Orm.DbExtensions::Fetch(Faaast.Orm.Reader.FaaastCommand,System.Type[])
DA:315,0
FN:316,System.Collections.Generic.IEnumerable`1<T> Faaast.Orm.DbExtensions::Fetch(Faaast.Orm.Reader.FaaastCommand)
FNDA:0,System.Collections.Generic.IEnumerable`1<T> Faaast.Orm.DbExtensions::Fetch(Faaast.Orm.Reader.FaaastCommand)
DA:317,0
FN:318,System.Collections.Generic.IEnumerable`1<System.Object> Faaast.Orm.DbExtensions::Fetch(Faaast.Orm.Reader.FaaastCommand)
FNDA:0,System.Collections.Generic.IEnumerable`1<System.Object> Faaast.Orm.DbExtensions::Fetch(Faaast.Orm.Reader.FaaastCommand)
DA:319,0
FN:320,System.Collections.Generic.IAsyncEnumerable`1<T> Faaast.Orm.DbExtensions::FetchAsync(Faaast.Orm.Reader.FaaastCommand)
FNDA:0,System.Collections.Generic.IAsyncEnumerable`1<T> Faaast.Orm.DbExtensions::FetchAsync(Faaast.Orm.Reader.FaaastCommand)
DA:321,0
FN:322,System.Collections.Generic.IAsyncEnumerable`1<System.Object[]> Faaast.Orm.DbExtensions::FetchAsync(Faaast.Orm.Reader.FaaastCommand,System.Type[])
FNDA:0,System.Collections.Generic.IAsyncEnumerable`1<System.Object[]> Faaast.Orm.DbExtensions::FetchAsync(Faaast.Orm.Reader.FaaastCommand,System.Type[])
DA:323,0
FN:70,System.Void Faaast.Orm.DbExtensions/<ExecuteAsync>d__4::MoveNext()
FNDA:0,System.Void Faaast.Orm.DbExtensions/<ExecuteAsync>d__4::MoveNext()
DA:71,0
DA:72,0
DA:73,0
DA:74,0
DA:75,0
DA:76,0
DA:78,0
DA:79,0
DA:80,0
DA:81,0
DA:82,0
DA:84,0
DA:85,0
DA:86,0
DA:87,0
DA:88,0
DA:90,0
DA:91,0
BRDA:73,76,0,0
BRDA:73,76,1,0
BRDA:84,568,0,0
BRDA:84,568,1,0
FN:93,System.Boolean Faaast.Orm.DbExtensions/<Read>d__5`1::MoveNext()
FNDA:0,System.Boolean Faaast.Orm.DbExtensions/<Read>d__5`1::MoveNext()
DA:94,0
DA:95,0
DA:96,0
DA:97,0
DA:98,0
DA:100,0
DA:101,0
DA:102,0
DA:103,0
DA:104,0
DA:106,0
DA:107,0
DA:108,0
DA:109,0
DA:110,0
DA:112,0
DA:113,0
DA:114,0
DA:115,0
DA:116,0
DA:117,0
BRDA:95,53,0,0
BRDA:95,53,1,0
BRDA:106,248,1,0
BRDA:106,248,0,0
BRDA:112,294,0,0
BRDA:112,294,1,0
FN:119,System.Boolean Faaast.Orm.DbExtensions/<ReadDynamic>d__6::MoveNext()
FNDA:0,System.Boolean Faaast.Orm.DbExtensions/<ReadDynamic>d__6::MoveNext()
DA:120,0
DA:121,0
DA:122,0
DA:123,0
DA:124,0
DA:126,0
DA:127,0
DA:128,0
DA:129,0
DA:130,0
DA:132,0
DA:133,0
DA:134,0
DA:135,0
DA:136,0
DA:138,0
DA:139,0
DA:140,0
DA:141,0
DA:142,0
DA:143,0
BRDA:121,53,0,0
BRDA:121,53,1,0
BRDA:132,224,1,0
BRDA:132,224,0,0
BRDA:138,270,0,0
BRDA:138,270,1,0
FN:145,System.Boolean Faaast.Orm.DbExtensions/<Read>d__7::MoveNext()
FNDA:0,System.Boolean Faaast.Orm.DbExtensions/<Read>d__7::MoveNext()
DA:146,0
DA:147,0
DA:148,0
DA:149,0
DA:150,0
DA:152,0
DA:153,0
DA:154,0
DA:155,0
DA:156,0
DA:158,0
DA:159,0
DA:160,0
DA:161,0
DA:162,0
DA:164,0
DA:165,0
DA:166,0
DA:167,0
DA:168,0
DA:169,0
BRDA:147,53,0,0
BRDA:147,53,1,0
BRDA:158,228,1,0
BRDA:158,228,0,0
BRDA:164,274,0,0
BRDA:164,274,1,0
FN:171,System.Void Faaast.Orm.DbExtensions/<ReadAsync>d__8`1::MoveNext()
FNDA:0,System.Void Faaast.Orm.DbExtensions/<ReadAsync>d__8`1::MoveNext()
DA:172,0
DA:173,0
DA:174,0
DA:175,0
DA:176,0
DA:178,0
DA:179,0
DA:180,0
DA:181,0
DA:182,0
DA:184,0
DA:185,0
DA:186,0
DA:187,0
DA:188,0
DA:190,0
DA:191,0
DA:192,0
DA:193,0
DA:194,0
DA:195,0
BRDA:172,11,0,0
BRDA:172,11,2,0
BRDA:172,11,3,0
BRDA:172,11,4,0
BRDA:172,86,0,0
BRDA:172,86,1,0
BRDA:173,116,0,0
BRDA:172,11,5,0
BRDA:173,116,1,0
BRDA:172,11,1,0
BRDA:172,11,6,0
BRDA:172,11,7,0
BRDA:172,11,8,0
BRDA:178,278,0,0
BRDA:178,278,1,0
BRDA:178,278,2,0
BRDA:184,855,1,0
BRDA:186,706,1,0
BRDA:178,278,3,0
BRDA:184,855,0,0
BRDA:186,706,0,0
BRDA:188,908,0,0
BRDA:188,908,1,0
BRDA:190,937,0,0
BRDA:172,11,9,0
BRDA:172,11,10,0
BRDA:190,937,1,0
FN:197,System.Void Faaast.Orm.DbExtensions/<ReadAsync>d__9::MoveNext()
FNDA:0,System.Void Faaast.Orm.DbExtensions/<ReadAsync>d__9::MoveNext()
DA:198,0
DA:199,0
DA:200,0
DA:201,0
DA:202,0
DA:204,0
DA:205,0
DA:206,0
DA:207,0
DA:208,0
DA:210,0
DA:211,0
DA:212,0
DA:213,0
DA:214,0
DA:216,0
DA:217,0
DA:218,0
DA:219,0
DA:220,0
DA:221,0
BRDA:199,116,0,0
BRDA:199,116,1,0
BRDA:204,278,0,0
BRDA:204,278,1,0
BRDA:204,278,2,0
BRDA:210,835,1,0
BRDA:204,278,3,0
BRDA:210,835,0,0
BRDA:216,917,0,0
BRDA:216,917,1,0
FN:235,System.Void Faaast.Orm.DbExtensions/<FirstOrDefaultAsync>d__12`1::MoveNext()
FNDA:0,System.Void Faaast.Orm.DbExtensions/<FirstOrDefaultAsync>d__12`1::MoveNext()
DA:236,0
DA:237,0
DA:238,0
DA:239,0
BRDA:238,163,0,0
BRDA:238,163,1,0
FN:241,System.Void Faaast.Orm.DbExtensions/<FirstOrDefaultAsync>d__13::MoveNext()
FNDA:0,System.Void Faaast.Orm.DbExtensions/<FirstOrDefaultAsync>d__13::MoveNext()
DA:242,0
DA:243,0
DA:244,0
DA:245,0
BRDA:244,169,0,0
BRDA:244,169,1,0
FN:281,System.Void Faaast.Orm.DbExtensions/<SingleAsync>d__16`1::MoveNext()
FNDA:0,System.Void Faaast.Orm.DbExtensions/<SingleAsync>d__16`1::MoveNext()
DA:282,0
DA:283,0
DA:284,0
DA:285,0
DA:286,0
DA:287,0
DA:288,0
DA:289,0
DA:290,0
DA:291,0
DA:293,0
DA:295,0
DA:296,0
BRDA:285,310,1,0
BRDA:289,163,0,0
BRDA:289,163,1,0
BRDA:285,310,0,0
BRDA:285,448,0,0
BRDA:285,448,1,0
FN:298,System.Void Faaast.Orm.DbExtensions/<SingleAsync>d__17::MoveNext()
FNDA:0,System.Void Faaast.Orm.DbExtensions/<SingleAsync>d__17::MoveNext()
DA:299,0
DA:300,0
DA:301,0
DA:302,0
DA:303,0
DA:304,0
DA:305,0
DA:306,0
DA:307,0
DA:308,0
DA:310,0
DA:312,0
DA:313,0
BRDA:302,306,1,0
BRDA:306,164,0,0
BRDA:306,164,1,0
BRDA:302,306,0,0
LF:227
LH:0
BRF:93
BRH:0
FNF:23
FNH:0
end_of_record
SF:C:\Projects\Faaast\src\Faaast.Orm\GenericsQueryExtensions.cs
FN:29,Faaast.Orm.FaaastTuple`2<TA,TB> Faaast.Orm.DbExtensions::FirstOrDefault(Faaast.Orm.Reader.FaaastCommand)
FNDA:0,Faaast.Orm.FaaastTuple`2<TA,TB> Faaast.Orm.DbExtensions::FirstOrDefault(Faaast.Orm.Reader.FaaastCommand)
DA:30,0
DA:31,0
DA:32,0
DA:33,0
BRDA:32,19,0,0
BRDA:32,19,1,0
FN:35,Faaast.Orm.FaaastTuple`2<TA,TB> Faaast.Orm.DbExtensions::Single(Faaast.Orm.Reader.FaaastCommand)
FNDA:0,Faaast.Orm.FaaastTuple`2<TA,TB> Faaast.Orm.DbExtensions::Single(Faaast.Orm.Reader.FaaastCommand)
DA:36,0
DA:37,0
DA:38,0
DA:39,0
DA:40,0
DA:41,0
DA:42,0
DA:43,0
DA:46,0
DA:47,0
DA:49,0
DA:50,0
BRDA:39,63,1,0
BRDA:41,40,0,0
BRDA:41,40,1,0
BRDA:39,63,0,0
FN:107,Faaast.Orm.FaaastTuple`3<TA,TB,TC> Faaast.Orm.DbExtensions::FirstOrDefault(Faaast.Orm.Reader.FaaastCommand)
FNDA:0,Faaast.Orm.FaaastTuple`3<TA,TB,TC> Faaast.Orm.DbExtensions::FirstOrDefault(Faaast.Orm.Reader.FaaastCommand)
DA:108,0
DA:109,0
DA:110,0
DA:111,0
BRDA:110,19,0,0
BRDA:110,19,1,0
FN:113,Faaast.Orm.FaaastTuple`3<TA,TB,TC> Faaast.Orm.DbExtensions::Single(Faaast.Orm.Reader.FaaastCommand)
FNDA:0,Faaast.Orm.FaaastTuple`3<TA,TB,TC> Faaast.Orm.DbExtensions::Single(Faaast.Orm.Reader.FaaastCommand)
DA:114,0
DA:115,0
DA:116,0
DA:117,0
DA:118,0
DA:119,0
DA:120,0
DA:121,0
DA:124,0
DA:125,0
DA:127,0
DA:128,0
BRDA:117,63,1,0
BRDA:119,40,0,0
BRDA:119,40,1,0
BRDA:117,63,0,0
FN:187,Faaast.Orm.FaaastTuple`4<TA,TB,TC,TD> Faaast.Orm.DbExtensions::FirstOrDefault(Faaast.Orm.Reader.FaaastCommand)
FNDA:0,Faaast.Orm.FaaastTuple`4<TA,TB,TC,TD> Faaast.Orm.DbExtensions::FirstOrDefault(Faaast.Orm.Reader.FaaastCommand)
DA:188,0
DA:189,0
DA:190,0
DA:191,0
BRDA:190,19,0,0
BRDA:190,19,1,0
FN:193,Faaast.Orm.FaaastTuple`4<TA,TB,TC,TD> Faaast.Orm.DbExtensions::Single(Faaast.Orm.Reader.FaaastCommand)
FNDA:0,Faaast.Orm.FaaastTuple`4<TA,TB,TC,TD> Faaast.Orm.DbExtensions::Single(Faaast.Orm.Reader.FaaastCommand)
DA:194,0
DA:195,0
DA:196,0
DA:197,0
DA:198,0
DA:199,0
DA:200,0
DA:201,0
DA:204,0
DA:205,0
DA:207,0
DA:208,0
BRDA:197,63,1,0
BRDA:199,40,0,0
BRDA:199,40,1,0
BRDA:197,63,0,0
FN:269,Faaast.Orm.FaaastTuple`5<TA,TB,TC,TD,TE> Faaast.Orm.DbExtensions::FirstOrDefault(Faaast.Orm.Reader.FaaastCommand)
FNDA:0,Faaast.Orm.FaaastTuple`5<TA,TB,TC,TD,TE> Faaast.Orm.DbExtensions::FirstOrDefault(Faaast.Orm.Reader.FaaastCommand)
DA:270,0
DA:271,0
DA:272,0
DA:273,0
BRDA:272,19,0,0
BRDA:272,19,1,0
FN:275,Faaast.Orm.FaaastTuple`5<TA,TB,TC,TD,TE> Faaast.Orm.DbExtensions::Single(Faaast.Orm.Reader.FaaastCommand)
FNDA:0,Faaast.Orm.FaaastTuple`5<TA,TB,TC,TD,TE> Faaast.Orm.DbExtensions::Single(Faaast.Orm.Reader.FaaastCommand)
DA:276,0
DA:277,0
DA:278,0
DA:279,0
DA:280,0
DA:281,0
DA:282,0
DA:283,0
DA:286,0
DA:287,0
DA:289,0
DA:290,0
BRDA:279,63,1,0
BRDA:281,40,0,0
BRDA:281,40,1,0
BRDA:279,63,0,0
FN:353,Faaast.Orm.FaaastTuple`6<TA,TB,TC,TD,TE,TF> Faaast.Orm.DbExtensions::FirstOrDefault(Faaast.Orm.Reader.FaaastCommand)
FNDA:0,Faaast.Orm.FaaastTuple`6<TA,TB,TC,TD,TE,TF> Faaast.Orm.DbExtensions::FirstOrDefault(Faaast.Orm.Reader.FaaastCommand)
DA:354,0
DA:355,0
DA:356,0
DA:357,0
BRDA:356,19,0,0
BRDA:356,19,1,0
FN:359,Faaast.Orm.FaaastTuple`6<TA,TB,TC,TD,TE,TF> Faaast.Orm.DbExtensions::Single(Faaast.Orm.Reader.FaaastCommand)
FNDA:0,Faaast.Orm.FaaastTuple`6<TA,TB,TC,TD,TE,TF> Faaast.Orm.DbExtensions::Single(Faaast.Orm.Reader.FaaastCommand)
DA:360,0
DA:361,0
DA:362,0
DA:363,0
DA:364,0
DA:365,0
DA:366,0
DA:367,0
DA:370,0
DA:371,0
DA:373,0
DA:374,0
BRDA:363,63,1,0
BRDA:365,40,0,0
BRDA:365,40,1,0
BRDA:363,63,0,0
FN:439,Faaast.Orm.FaaastTuple`7<TA,TB,TC,TD,TE,TF,TG> Faaast.Orm.DbExtensions::FirstOrDefault(Faaast.Orm.Reader.FaaastCommand)
FNDA:0,Faaast.Orm.FaaastTuple`7<TA,TB,TC,TD,TE,TF,TG> Faaast.Orm.DbExtensions::FirstOrDefault(Faaast.Orm.Reader.FaaastCommand)
DA:440,0
DA:441,0
DA:442,0
DA:443,0
BRDA:442,19,0,0
BRDA:442,19,1,0
FN:445,Faaast.Orm.FaaastTuple`7<TA,TB,TC,TD,TE,TF,TG> Faaast.Orm.DbExtensions::Single(Faaast.Orm.Reader.FaaastCommand)
FNDA:0,Faaast.Orm.FaaastTuple`7<TA,TB,TC,TD,TE,TF,TG> Faaast.Orm.DbExtensions::Single(Faaast.Orm.Reader.FaaastCommand)
DA:446,0
DA:447,0
DA:448,0
DA:449,0
DA:450,0
DA:451,0
DA:452,0
DA:453,0
DA:456,0
DA:457,0
DA:459,0
DA:460,0
BRDA:449,63,1,0
BRDA:451,40,0,0
BRDA:451,40,1,0
BRDA:449,63,0,0
FN:527,Faaast.Orm.FaaastTuple`8<TA,TB,TC,TD,TE,TF,TG,TH> Faaast.Orm.DbExtensions::FirstOrDefault(Faaast.Orm.Reader.FaaastCommand)
FNDA:0,Faaast.Orm.FaaastTuple`8<TA,TB,TC,TD,TE,TF,TG,TH> Faaast.Orm.DbExtensions::FirstOrDefault(Faaast.Orm.Reader.FaaastCommand)
DA:528,0
DA:529,0
DA:530,0
DA:531,0
BRDA:530,19,0,0
BRDA:530,19,1,0
FN:533,Faaast.Orm.FaaastTuple`8<TA,TB,TC,TD,TE,TF,TG,TH> Faaast.Orm.DbExtensions::Single(Faaast.Orm.Reader.FaaastCommand)
FNDA:0,Faaast.Orm.FaaastTuple`8<TA,TB,TC,TD,TE,TF,TG,TH> Faaast.Orm.DbExtensions::Single(Faaast.Orm.Reader.FaaastCommand)
DA:534,0
DA:535,0
DA:536,0
DA:537,0
DA:538,0
DA:539,0
DA:540,0
DA:541,0
DA:544,0
DA:545,0
DA:547,0
DA:548,0
BRDA:537,63,1,0
BRDA:539,40,0,0
BRDA:539,40,1,0
BRDA:537,63,0,0
FN:617,Faaast.Orm.FaaastTuple`9<TA,TB,TC,TD,TE,TF,TG,TH,TI> Faaast.Orm.DbExtensions::FirstOrDefault(Faaast.Orm.Reader.FaaastCommand)
FNDA:0,Faaast.Orm.FaaastTuple`9<TA,TB,TC,TD,TE,TF,TG,TH,TI> Faaast.Orm.DbExtensions::FirstOrDefault(Faaast.Orm.Reader.FaaastCommand)
DA:618,0
DA:619,0
DA:620,0
DA:621,0
BRDA:620,19,0,0
BRDA:620,19,1,0
FN:623,Faaast.Orm.FaaastTuple`9<TA,TB,TC,TD,TE,TF,TG,TH,TI> Faaast.Orm.DbExtensions::Single(Faaast.Orm.Reader.FaaastCommand)
FNDA:0,Faaast.Orm.FaaastTuple`9<TA,TB,TC,TD,TE,TF,TG,TH,TI> Faaast.Orm.DbExtensions::Single(Faaast.Orm.Reader.FaaastCommand)
DA:624,0
DA:625,0
DA:626,0
DA:627,0
DA:628,0
DA:629,0
DA:630,0
DA:631,0
DA:634,0
DA:635,0
DA:637,0
DA:638,0
BRDA:627,63,1,0
BRDA:629,40,0,0
BRDA:629,40,1,0
BRDA:627,63,0,0
FN:709,Faaast.Orm.FaaastTuple`10<TA,TB,TC,TD,TE,TF,TG,TH,TI,TJ> Faaast.Orm.DbExtensions::FirstOrDefault(Faaast.Orm.Reader.FaaastCommand)
FNDA:0,Faaast.Orm.FaaastTuple`10<TA,TB,TC,TD,TE,TF,TG,TH,TI,TJ> Faaast.Orm.DbExtensions::FirstOrDefault(Faaast.Orm.Reader.FaaastCommand)
DA:710,0
DA:711,0
DA:712,0
DA:713,0
BRDA:712,19,0,0
BRDA:712,19,1,0
FN:715,Faaast.Orm.FaaastTuple`10<TA,TB,TC,TD,TE,TF,TG,TH,TI,TJ> Faaast.Orm.DbExtensions::Single(Faaast.Orm.Reader.FaaastCommand)
FNDA:0,Faaast.Orm.FaaastTuple`10<TA,TB,TC,TD,TE,TF,TG,TH,TI,TJ> Faaast.Orm.DbExtensions::Single(Faaast.Orm.Reader.FaaastCommand)
DA:716,0
DA:717,0
DA:718,0
DA:719,0
DA:720,0
DA:721,0
DA:722,0
DA:723,0
DA:726,0
DA:727,0
DA:729,0
DA:730,0
BRDA:719,63,1,0
BRDA:721,40,0,0
BRDA:721,40,1,0
BRDA:719,63,0,0
FN:803,Faaast.Orm.FaaastTuple`11<TA,TB,TC,TD,TE,TF,TG,TH,TI,TJ,TK> Faaast.Orm.DbExtensions::FirstOrDefault(Faaast.Orm.Reader.FaaastCommand)
FNDA:0,Faaast.Orm.FaaastTuple`11<TA,TB,TC,TD,TE,TF,TG,TH,TI,TJ,TK> Faaast.Orm.DbExtensions::FirstOrDefault(Faaast.Orm.Reader.FaaastCommand)
DA:804,0
DA:805,0
DA:806,0
DA:807,0
BRDA:806,19,0,0
BRDA:806,19,1,0
FN:809,Faaast.Orm.FaaastTuple`11<TA,TB,TC,TD,TE,TF,TG,TH,TI,TJ,TK> Faaast.Orm.DbExtensions::Single(Faaast.Orm.Reader.FaaastCommand)
FNDA:0,Faaast.Orm.FaaastTuple`11<TA,TB,TC,TD,TE,TF,TG,TH,TI,TJ,TK> Faaast.Orm.DbExtensions::Single(Faaast.Orm.Reader.FaaastCommand)
DA:810,0
DA:811,0
DA:812,0
DA:813,0
DA:814,0
DA:815,0
DA:816,0
DA:817,0
DA:820,0
DA:821,0
DA:823,0
DA:824,0
BRDA:813,63,1,0
BRDA:815,40,0,0
BRDA:815,40,1,0
BRDA:813,63,0,0
FN:899,Faaast.Orm.FaaastTuple`12<TA,TB,TC,TD,TE,TF,TG,TH,TI,TJ,TK,TL> Faaast.Orm.DbExtensions::FirstOrDefault(Faaast.Orm.Reader.FaaastCommand)
FNDA:0,Faaast.Orm.FaaastTuple`12<TA,TB,TC,TD,TE,TF,TG,TH,TI,TJ,TK,TL> Faaast.Orm.DbExtensions::FirstOrDefault(Faaast.Orm.Reader.FaaastCommand)
DA:900,0
DA:901,0
DA:902,0
DA:903,0
BRDA:902,19,0,0
BRDA:902,19,1,0
FN:905,Faaast.Orm.FaaastTuple`12<TA,TB,TC,TD,TE,TF,TG,TH,TI,TJ,TK,TL> Faaast.Orm.DbExtensions::Single(Faaast.Orm.Reader.FaaastCommand)
FNDA:0,Faaast.Orm.FaaastTuple`12<TA,TB,TC,TD,TE,TF,TG,TH,TI,TJ,TK,TL> Faaast.Orm.DbExtensions::Single(Faaast.Orm.Reader.FaaastCommand)
DA:906,0
DA:907,0
DA:908,0
DA:909,0
DA:910,0
DA:911,0
DA:912,0
DA:913,0
DA:916,0
DA:917,0
DA:919,0
DA:920,0
BRDA:909,63,1,0
BRDA:911,40,0,0
BRDA:911,40,1,0
BRDA:909,63,0,0
[...]
FNDA:0,System.Threading.Tasks.Task Faaast.SeoRouter.DefaultMvcHandler::HandleMvcAsync(Microsoft.AspNetCore.Routing.RouteContext)
DA:13,0
DA:14,0
DA:15,0
DA:16,0
DA:19,0
DA:20,0
DA:21,0
DA:23,0
DA:24,0
DA:25,0
DA:26,0
DA:29,0
DA:30,0
DA:31,0
DA:32,0
DA:35,0
DA:36,0
DA:37,0
DA:38,0
DA:39,0
DA:40,0
DA:41,0
DA:42,0
DA:43,0
DA:44,0
DA:46,0
DA:47,0
BRDA:14,27,0,0
BRDA:14,27,1,0
BRDA:24,91,0,0
BRDA:24,91,1,0
BRDA:24,109,0,0
BRDA:24,109,1,0
BRDA:30,153,0,0
BRDA:30,153,1,0
BRDA:41,46,0,0
BRDA:41,46,1,0
LF:27
LH:0
BRF:10
BRH:0
FNF:1
FNH:0
end_of_record
SF:C:\Projects\Faaast\src\Faaast.SeoRouter\MvcAction.cs
FN:8,System.String Faaast.SeoRouter.MvcAction::get_Controller()
FNDA:92,System.String Faaast.SeoRouter.MvcAction::get_Controller()
DA:9,92
FN:9,System.String Faaast.SeoRouter.MvcAction::get_Action()
FNDA:55,System.String Faaast.SeoRouter.MvcAction::get_Action()
DA:10,55
FN:10,System.String Faaast.SeoRouter.MvcAction::get_AdditionalValues()
FNDA:20,System.String Faaast.SeoRouter.MvcAction::get_AdditionalValues()
DA:11,20
FN:11,System.String Faaast.SeoRouter.MvcAction::get_Constraints()
FNDA:20,System.String Faaast.SeoRouter.MvcAction::get_Constraints()
DA:12,20
FN:13,System.Collections.Generic.IDictionary`2<System.String,System.Object> Faaast.SeoRouter.MvcAction::get_DefaultValues()
FNDA:39,System.Collections.Generic.IDictionary`2<System.String,System.Object> Faaast.SeoRouter.MvcAction::get_DefaultValues()
DA:14,39
FN:15,System.Void Faaast.SeoRouter.MvcAction::.ctor(System.String,System.String,System.String)
FNDA:7,System.Void Faaast.SeoRouter.MvcAction::.ctor(System.String,System.String,System.String)
DA:16,7
DA:17,7
DA:18,7
FN:20,System.Void Faaast.SeoRouter.MvcAction::.ctor(System.String,System.String,System.String,System.String)
FNDA:10,System.Void Faaast.SeoRouter.MvcAction::.ctor(System.String,System.String,System.String,System.String)
DA:21,10
DA:22,10
DA:23,10
DA:24,10
DA:25,10
DA:26,10
DA:27,10
BRDA:24,29,0,2
BRDA:24,29,1,8
BRDA:25,49,0,7
BRDA:25,49,1,3
LF:15
LH:15
BRF:4
BRH:4
FNF:7
FNH:7
end_of_record
SF:C:\Projects\Faaast\src\Faaast.SeoRouter\Router.cs
FN:14,Faaast.SeoRouter.RoutingRules Faaast.SeoRouter.Router::get_Rules()
FNDA:0,Faaast.SeoRouter.RoutingRules Faaast.SeoRouter.Router::get_Rules()
DA:15,0
FN:16,Microsoft.Extensions.Logging.ILogger Faaast.SeoRouter.Router::get_Log()
FNDA:0,Microsoft.Extensions.Logging.ILogger Faaast.SeoRouter.Router::get_Log()
DA:17,0
FN:36,System.Threading.Tasks.Task Faaast.SeoRouter.Router::RouteAsync(Microsoft.AspNetCore.Routing.RouteContext)
FNDA:0,System.Threading.Tasks.Task Faaast.SeoRouter.Router::RouteAsync(Microsoft.AspNetCore.Routing.RouteContext)
DA:37,0
DA:38,0
DA:39,0
DA:40,0
DA:41,0
FN:43,System.Threading.Tasks.Task Faaast.SeoRouter.Router::RouteAsync(System.String,Microsoft.AspNetCore.Routing.RouteContext,System.IServiceProvider)
FNDA:0,System.Threading.Tasks.Task Faaast.SeoRouter.Router::RouteAsync(System.String,Microsoft.AspNetCore.Routing.RouteContext,System.IServiceProvider)
DA:44,0
DA:45,0
DA:46,0
DA:47,0
DA:48,0
DA:49,0
DA:50,0
DA:51,0
DA:52,0
DA:55,0
DA:56,0
DA:57,0
DA:58,0
DA:62,0
DA:63,0
DA:65,0
BRDA:47,29,0,0
BRDA:49,43,0,0
BRDA:49,43,1,0
BRDA:47,29,1,0
FN:67,Faaast.SeoRouter.RoutingRule Faaast.SeoRouter.Router::FindRouteRule(System.String,System.IServiceProvider,Microsoft.AspNetCore.Routing.RouteValueDictionary&)
FNDA:0,Faaast.SeoRouter.RoutingRule Faaast.SeoRouter.Router::FindRouteRule(System.String,System.IServiceProvider,Microsoft.AspNetCore.Routing.RouteValueDictionary&)
DA:68,0
DA:69,0
DA:70,0
DA:71,0
DA:72,0
FN:74,Faaast.SeoRouter.RoutingRule Faaast.SeoRouter.Router::FollowRoute(System.String,System.IServiceProvider,Faaast.SeoRouter.RoutingRule&,Microsoft.AspNetCore.Routing.RouteValueDictionary&)
FNDA:0,Faaast.SeoRouter.RoutingRule Faaast.SeoRouter.Router::FollowRoute(System.String,System.IServiceProvider,Faaast.SeoRouter.RoutingRule&,Microsoft.AspNetCore.Routing.RouteValueDictionary&)
DA:75,0
DA:76,0
DA:77,0
DA:78,0
DA:79,0
DA:80,0
DA:85,0
DA:90,0
DA:92,0
DA:94,0
DA:95,0
BRDA:77,20,0,0
BRDA:80,96,0,0
BRDA:80,96,1,0
BRDA:80,104,0,0
BRDA:80,104,1,0
BRDA:77,20,1,0
FN:97,Microsoft.AspNetCore.Routing.VirtualPathData Faaast.SeoRouter.Router::GetVirtualPath(Microsoft.AspNetCore.Routing.VirtualPathContext)
FNDA:0,Microsoft.AspNetCore.Routing.VirtualPathData Faaast.SeoRouter.Router::GetVirtualPath(Microsoft.AspNetCore.Routing.VirtualPathContext)
DA:98,0
DA:99,0
DA:100,0
DA:101,0
FN:10,System.Void Faaast.SeoRouter.Router::.cctor()
FNDA:0,System.Void Faaast.SeoRouter.Router::.cctor()
DA:11,0
FN:19,System.Void Faaast.SeoRouter.Router/<GetRulesAsync>d__11::MoveNext()
FNDA:0,System.Void Faaast.SeoRouter.Router/<GetRulesAsync>d__11::MoveNext()
DA:20,0
DA:21,0
DA:22,0
DA:23,0
DA:24,0
DA:26,0
DA:27,0
DA:28,0
DA:29,0
DA:30,0
DA:31,0
DA:33,0
DA:34,0
BRDA:21,45,0,0
BRDA:21,45,1,0
BRDA:27,137,0,0
BRDA:27,137,1,0
BRDA:27,283,0,0
BRDA:27,283,1,0
FN:103,System.Void Faaast.SeoRouter.Router/<GetVirtualPathAsync>d__17::MoveNext()
FNDA:0,System.Void Faaast.SeoRouter.Router/<GetVirtualPathAsync>d__17::MoveNext()
DA:104,0
DA:105,0
DA:106,0
DA:107,0
DA:108,0
DA:109,0
DA:110,0
DA:113,0
DA:114,0
BRDA:106,181,0,0
BRDA:106,181,1,0
FN:116,System.Void Faaast.SeoRouter.Router/<GetVirtualPathRuleAsync>d__18::MoveNext()
FNDA:0,System.Void Faaast.SeoRouter.Router/<GetVirtualPathRuleAsync>d__18::MoveNext()
DA:117,0
DA:118,0
DA:119,0
DA:120,0
LF:70
LH:0
BRF:18
BRH:0
FNF:11
FNH:0
end_of_record
SF:C:\Projects\Faaast\src\Faaast.SeoRouter\RouterExtensions.cs
FN:14,System.String Faaast.SeoRouter.RouterExtensions::NormalizeUrl(System.String)
FNDA:44,System.String Faaast.SeoRouter.RouterExtensions::NormalizeUrl(System.String)
DA:15,44
DA:16,44
DA:17,44
DA:18,24
DA:19,24
DA:20,24
DA:22,44
DA:23,44
BRDA:17,15,0,44
BRDA:17,15,1,0
BRDA:17,33,0,24
BRDA:17,33,1,44
FN:25,Microsoft.AspNetCore.Routing.RouteValueDictionary Faaast.SeoRouter.RouterExtensions::ToRouteValueDictionary(System.Nullable`1<Faaast.SeoRouter.MvcAction>)
FNDA:29,Microsoft.AspNetCore.Routing.RouteValueDictionary Faaast.SeoRouter.RouterExtensions::ToRouteValueDictionary(System.Nullable`1<Faaast.SeoRouter.MvcAction>)
DA:26,29
DA:27,29
DA:28,0
DA:29,0
DA:32,29
DA:33,29
DA:34,29
DA:35,29
DA:36,29
DA:38,87
DA:39,0
DA:40,0
DA:41,0
DA:43,29
DA:44,29
BRDA:27,8,0,29
BRDA:27,17,0,0
BRDA:27,17,1,29
BRDA:27,8,1,0
BRDA:27,47,0,0
BRDA:27,47,1,29
BRDA:38,195,1,0
BRDA:38,195,0,29
FN:46,System.String Faaast.SeoRouter.RouterExtensions::BaseUrl(System.String)
FNDA:35,System.String Faaast.SeoRouter.RouterExtensions::BaseUrl(System.String)
DA:47,35
DA:48,35
DA:49,35
DA:50,14
DA:51,14
DA:52,14
DA:54,35
DA:55,35
BRDA:49,19,0,14
BRDA:49,19,1,35
FN:57,System.Collections.Generic.IDictionary`2<System.String,System.Object> Faaast.SeoRouter.RouterExtensions::GetQueryDictionnary(System.String)
FNDA:23,System.Collections.Generic.IDictionary`2<System.String,System.Object> Faaast.SeoRouter.RouterExtensions::GetQueryDictionnary(System.String)
DA:58,23
DA:59,23
DA:61,23
DA:62,6
DA:63,6
DA:64,0
DA:65,0
DA:66,0
DA:68,6
DA:69,6
DA:70,13
DA:71,7
DA:72,7
DA:73,7
DA:75,74
DA:76,68
DA:77,68
DA:79,68
DA:80,7
DA:81,7
DA:82,7
DA:83,7
DA:84,7
DA:85,7
DA:86,61
DA:87,1
DA:88,1
DA:91,67
DA:92,67
DA:96,7
DA:97,7
DA:99,7
DA:100,7
DA:101,7
DA:102,7
DA:103,7
DA:105,0
DA:106,0
DA:107,0
DA:109,7
DA:110,7
DA:111,7
DA:112,7
DA:114,7
DA:115,7
DA:116,6
DA:118,23
DA:119,23
BRDA:61,23,0,6
BRDA:63,50,0,0
BRDA:63,50,1,6
BRDA:70,287,1,7
BRDA:75,156,1,68
BRDA:79,106,0,7
BRDA:81,118,0,7
BRDA:81,118,1,7
BRDA:79,106,1,61
BRDA:86,138,0,1
BRDA:86,138,1,67
BRDA:75,156,0,7
BRDA:99,176,0,7
BRDA:99,176,1,0
BRDA:109,246,0,7
BRDA:111,254,0,7
BRDA:111,254,1,0
BRDA:109,246,1,7
BRDA:70,287,0,6
BRDA:61,23,1,23
FN:121,System.Void Faaast.SeoRouter.RouterExtensions::TryAdd(System.Collections.Generic.Dictionary`2<TKey,TValue>,TKey,System.Func`1<TValue>)
FNDA:16,System.Void Faaast.SeoRouter.RouterExtensions::TryAdd(System.Collections.Generic.Dictionary`2<TKey,TValue>,TKey,System.Func`1<TValue>)
DA:122,16
DA:123,16
DA:124,16
DA:125,16
DA:126,16
DA:127,16
BRDA:123,13,0,16
BRDA:123,13,1,16
LF:85
LH:74
BRF:36
BRH:28
FNF:5
FNH:5
end_of_record
SF:C:\Projects\Faaast\src\Faaast.SeoRouter\RoutingRule.cs
FN:13,System.String Faaast.SeoRouter.RoutingRule::get_DisplayName()
FNDA:10,System.String Faaast.SeoRouter.RoutingRule::get_DisplayName()
DA:14,10
FN:15,Faaast.SeoRouter.RuleKind Faaast.SeoRouter.RoutingRule::get_Kind()
FNDA:35,Faaast.SeoRouter.RuleKind Faaast.SeoRouter.RoutingRule::get_Kind()
DA:16,35
FN:17,Faaast.SeoRouter.HandlerType Faaast.SeoRouter.RoutingRule::get_Handler()
FNDA:20,Faaast.SeoRouter.HandlerType Faaast.SeoRouter.RoutingRule::get_Handler()
DA:18,20
FN:19,System.String Faaast.SeoRouter.RoutingRule::get_Url()
FNDA:60,System.String Faaast.SeoRouter.RoutingRule::get_Url()
DA:20,60
FN:21,System.Nullable`1<Faaast.SeoRouter.MvcAction> Faaast.SeoRouter.RoutingRule::get_Target()
FNDA:117,System.Nullable`1<Faaast.SeoRouter.MvcAction> Faaast.SeoRouter.RoutingRule::get_Target()
DA:22,117
FN:23,System.Boolean Faaast.SeoRouter.RoutingRule::get_CanGenerateUrl()
FNDA:18,System.Boolean Faaast.SeoRouter.RoutingRule::get_CanGenerateUrl()
DA:24,18
FN:25,System.Boolean Faaast.SeoRouter.RoutingRule::get_IsDynamic()
FNDA:26,System.Boolean Faaast.SeoRouter.RoutingRule::get_IsDynamic()
DA:26,26
FN:55,System.Void Faaast.SeoRouter.RoutingRule::InitConstraints(System.IServiceProvider)
FNDA:10,System.Void Faaast.SeoRouter.RoutingRule::InitConstraints(System.IServiceProvider)
DA:56,10
DA:57,10
DA:58,0
DA:59,0
DA:60,0
DA:62,10
DA:63,10
DA:64,10
DA:66,10
DA:67,10
DA:68,10
DA:69,3
DA:72,3
DA:76,15
DA:77,3
DA:78,3
DA:79,3
DA:80,3
DA:82,3
DA:83,3
DA:85,10
DA:86,10
DA:88,10
DA:89,10
DA:90,10
DA:92,70
DA:93,20
DA:94,20
DA:95,20
DA:96,0
DA:97,0
DA:98,0
DA:99,20
DA:101,10
DA:102,10
BRDA:57,23,0,0
BRDA:57,23,1,10
BRDA:68,123,0,3
BRDA:76,215,1,3
BRDA:76,215,0,3
BRDA:68,123,1,10
BRDA:92,427,1,20
BRDA:94,364,0,10
BRDA:94,364,1,10
BRDA:94,394,0,0
BRDA:94,394,1,20
BRDA:92,427,0,10
FN:104,System.Collections.Generic.IDictionary`2<System.String,Microsoft.AspNetCore.Routing.IRouteConstraint> Faaast.SeoRouter.RoutingRule::BuildContraints(System.IServiceProvider,System.Collections.Generic.IDictionary`2<System.String,System.Object>)
FNDA:20,System.Collections.Generic.IDictionary`2<System.String,Microsoft.AspNetCore.Routing.IRouteConstraint> Faaast.SeoRouter.RoutingRule::BuildContraints(System.IServiceProvider,System.Collections.Generic.IDictionary`2<System.String,System.Object>)
DA:105,20
DA:106,20
DA:107,20
DA:108,20
DA:109,20
DA:110,80
DA:111,10
DA:112,10
DA:113,10
DA:114,10
DA:118,1
DA:119,1
DA:122,9
DA:123,9
DA:125,10
DA:126,10
DA:127,20
DA:129,20
DA:130,20
BRDA:108,32,0,20
BRDA:110,194,1,10
BRDA:112,72,0,10
BRDA:112,72,1,0
BRDA:112,91,0,10
BRDA:114,124,0,10
BRDA:114,124,1,1
BRDA:114,138,1,1
BRDA:114,138,0,9
BRDA:112,91,1,10
BRDA:110,194,0,20
BRDA:108,32,1,20
FN:132,System.Boolean Faaast.SeoRouter.RoutingRule::MatchStrict(System.String,Microsoft.AspNetCore.Routing.RouteValueDictionary&)
FNDA:23,System.Boolean Faaast.SeoRouter.RoutingRule::MatchStrict(System.String,Microsoft.AspNetCore.Routing.RouteValueDictionary&)
DA:133,23
DA:134,23
DA:135,23
DA:136,12
DA:137,12
DA:138,12
DA:141,11
DA:142,23
BRDA:135,18,0,12
BRDA:135,18,1,11
FN:144,System.Boolean Faaast.SeoRouter.RoutingRule::MatchDynamic(Microsoft.AspNetCore.Http.PathString,Microsoft.AspNetCore.Routing.RouteValueDictionary&)
FNDA:10,System.Boolean Faaast.SeoRouter.RoutingRule::MatchDynamic(Microsoft.AspNetCore.Http.PathString,Microsoft.AspNetCore.Routing.RouteValueDictionary&)
DA:145,10
DA:146,10
DA:147,10
DA:148,10
BRDA:147,15,0,10
BRDA:147,31,0,9
BRDA:147,15,1,1
BRDA:147,31,1,1
FN:150,System.Boolean Faaast.SeoRouter.RoutingRule::MatchConstraints(Microsoft.AspNetCore.Routing.RouteValueDictionary,Microsoft.AspNetCore.Routing.RouteDirection)
FNDA:11,System.Boolean Faaast.SeoRouter.RoutingRule::MatchConstraints(Microsoft.AspNetCore.Routing.RouteValueDictionary,Microsoft.AspNetCore.Routing.RouteDirection)
DA:151,11
DA:152,38
DA:153,4
DA:154,4
DA:155,4
DA:156,3
DA:157,3
DA:159,1
DA:161,36
DA:162,7
DA:163,7
DA:164,7
DA:165,2
DA:166,2
DA:168,5
DA:170,6
DA:171,11
BRDA:152,69,1,4
BRDA:155,54,0,3
BRDA:155,54,1,1
BRDA:152,69,0,8
BRDA:161,160,1,7
BRDA:164,144,0,2
BRDA:164,144,1,5
BRDA:161,160,0,6
FN:173,Microsoft.AspNetCore.Routing.RouteValueDictionary Faaast.SeoRouter.RoutingRule::UrlTokens()
FNDA:0,Microsoft.AspNetCore.Routing.RouteValueDictionary Faaast.SeoRouter.RoutingRule::UrlTokens()
DA:174,0
DA:175,0
DA:176,0
DA:177,0
DA:178,0
DA:179,0
DA:181,0
DA:182,0
BRDA:176,61,1,0
BRDA:176,61,0,0
FN:184,Microsoft.AspNetCore.Routing.VirtualPathData Faaast.SeoRouter.RoutingRule::GetVirtualPath(Microsoft.AspNetCore.Routing.IRouter,Microsoft.AspNetCore.Routing.RouteValueDictionary,Microsoft.AspNetCore.Routing.RouteValueDictionary)
FNDA:8,Microsoft.AspNetCore.Routing.VirtualPathData Faaast.SeoRouter.RoutingRule::GetVirtualPath(Microsoft.AspNetCore.Routing.IRouter,Microsoft.AspNetCore.Routing.RouteValueDictionary,Microsoft.AspNetCore.Routing.RouteValueDictionary)
DA:185,8
DA:186,8
DA:187,4
DA:188,20
DA:189,4
DA:190,4
DA:191,1
DA:192,1
DA:194,1
DA:195,0
DA:196,0
DA:197,0
DA:198,1
DA:199,4
DA:201,4
DA:202,4
DA:203,0
DA:205,0
DA:208,4
DA:209,4
DA:210,0
DA:211,0
DA:214,4
DA:215,42
DA:216,15
DA:217,15
DA:218,4
DA:219,4
DA:220,4
DA:221,15
DA:223,4
DA:226,4
DA:227,4
DA:228,4
DA:230,8
BRDA:186,12,0,4
BRDA:188,141,1,4
BRDA:190,69,0,1
BRDA:194,112,0,0
BRDA:194,112,1,1
BRDA:190,69,1,4
BRDA:188,141,0,4
BRDA:202,180,0,0
BRDA:202,180,1,4
BRDA:209,217,0,0
BRDA:209,217,1,4
BRDA:215,325,1,15
BRDA:217,287,0,4
BRDA:217,287,1,15
BRDA:215,325,0,4
BRDA:186,12,1,4
FN:34,System.Void Faaast.SeoRouter.RoutingRule::.ctor()
FNDA:0,System.Void Faaast.SeoRouter.RoutingRule::.ctor()
DA:35,0
DA:36,0
DA:38,0
FN:39,System.Void Faaast.SeoRouter.RoutingRule::.ctor(System.IServiceProvider,System.String,Faaast.SeoRouter.RuleKind,Faaast.SeoRouter.HandlerType,System.String,System.Nullable`1<Faaast.SeoRouter.MvcAction>)
FNDA:10,System.Void Faaast.SeoRouter.RoutingRule::.ctor(System.IServiceProvider,System.String,Faaast.SeoRouter.RuleKind,Faaast.SeoRouter.HandlerType,System.String,System.Nullable`1<Faaast.SeoRouter.MvcAction>)
DA:40,10
DA:41,10
DA:42,10
DA:43,10
DA:44,10
DA:45,10
DA:46,10
DA:48,10
DA:49,10
DA:50,10
DA:51,10
DA:52,10
DA:53,10
BRDA:48,71,0,10
BRDA:48,79,0,0
BRDA:48,79,1,10
BRDA:48,71,1,0
LF:149
LH:125
BRF:60
BRH:50
FNF:16
FNH:14
end_of_record
SF:C:\Projects\Faaast\src\Faaast.SeoRouter\RoutingRules.cs
FN:18,System.Collections.Generic.IReadOnlyCollection`1<Faaast.SeoRouter.RoutingRule> Faaast.SeoRouter.RoutingRules::get_Rules()
FNDA:0,System.Collections.Generic.IReadOnlyCollection`1<Faaast.SeoRouter.RoutingRule> Faaast.SeoRouter.RoutingRules::get_Rules()
DA:19,0
FN:21,System.Void Faaast.SeoRouter.RoutingRules::Add(Faaast.SeoRouter.RoutingRule)
FNDA:8,System.Void Faaast.SeoRouter.RoutingRules::Add(Faaast.SeoRouter.RoutingRule)
DA:22,8
DA:23,8
DA:25,8
DA:26,8
DA:27,8
DA:28,4
DA:29,4
DA:30,4
DA:32,8
DA:33,7
DA:34,7
DA:35,7
DA:36,7
DA:37,7
DA:38,7
DA:40,7
DA:41,7
DA:43,8
DA:44,8
DA:45,16
DA:46,16
DA:47,8
DA:48,8
DA:49,8
DA:51,8
DA:52,8
DA:53,8
DA:54,8
BRDA:27,38,0,7
BRDA:27,38,1,1
BRDA:27,54,0,4
BRDA:27,54,1,8
BRDA:32,82,0,7
BRDA:35,118,0,7
BRDA:35,118,1,7
BRDA:32,82,1,8
BRDA:43,157,0,8
BRDA:43,157,1,0
BRDA:43,181,0,8
BRDA:43,181,1,8
FN:56,System.Void Faaast.SeoRouter.RoutingRules::AddRange(System.Collections.Generic.IEnumerable`1<Faaast.SeoRouter.RoutingRule>)
FNDA:0,System.Void Faaast.SeoRouter.RoutingRules::AddRange(System.Collections.Generic.IEnumerable`1<Faaast.SeoRouter.RoutingRule>)
DA:57,0
DA:58,0
DA:59,0
DA:60,0
DA:61,0
DA:62,0
DA:63,0
DA:64,0
DA:65,0
BRDA:58,7,0,0
BRDA:60,43,1,0
BRDA:60,43,0,0
BRDA:58,7,1,0
FN:66,System.Collections.Generic.IReadOnlyCollection`1<Faaast.SeoRouter.RoutingRule> Faaast.SeoRouter.RoutingRules::GetFor(System.String,System.String)
FNDA:0,System.Collections.Generic.IReadOnlyCollection`1<Faaast.SeoRouter.RoutingRule> Faaast.SeoRouter.RoutingRules::GetFor(System.String,System.String)
DA:67,0
DA:68,0
DA:69,0
BRDA:67,14,0,0
BRDA:67,14,1,0
BRDA:67,25,0,0
BRDA:67,25,1,0
FN:82,Faaast.SeoRouter.RoutingRule Faaast.SeoRouter.RoutingRules::Find(System.String,Microsoft.AspNetCore.Routing.RouteValueDictionary&)
FNDA:28,Faaast.SeoRouter.RoutingRule Faaast.SeoRouter.RoutingRules::Find(System.String,Microsoft.AspNetCore.Routing.RouteValueDictionary&)
DA:83,28
DA:84,28
DA:86,28
DA:87,28
DA:88,28
DA:90,28
DA:91,23
DA:92,103
DA:93,23
DA:94,23
DA:95,12
DA:96,12
DA:97,12
DA:99,11
DA:100,11
DA:102,16
DA:103,63
DA:104,10
DA:105,10
DA:106,5
DA:107,5
DA:108,2
DA:109,2
DA:110,2
DA:112,5
DA:113,2
DA:114,2
DA:115,2
DA:117,5
DA:118,5
DA:120,5
DA:122,11
DA:123,11
DA:126,28
DA:127,28
DA:128,28
DA:129,28
BRDA:90,50,0,23
BRDA:92,112,1,23
BRDA:94,88,0,12
BRDA:94,88,1,11
BRDA:92,112,0,11
BRDA:90,50,1,16
BRDA:103,287,1,10
BRDA:105,190,0,5
BRDA:107,214,0,2
BRDA:107,214,1,5
BRDA:112,255,0,2
BRDA:112,255,1,5
BRDA:105,190,1,5
BRDA:103,287,0,11
FN:131,Faaast.SeoRouter.RoutingRule Faaast.SeoRouter.RoutingRules::FindByRoute(Microsoft.AspNetCore.Routing.RouteValueDictionary)
FNDA:2,Faaast.SeoRouter.RoutingRule Faaast.SeoRouter.RoutingRules::FindByRoute(Microsoft.AspNetCore.Routing.RouteValueDictionary)
DA:132,2
DA:133,2
DA:134,2
DA:135,2
DA:136,2
DA:137,2
DA:138,9
DA:139,2
DA:140,2
DA:141,1
DA:142,1
DA:144,1
DA:145,1
DA:147,1
DA:148,2
BRDA:133,14,0,2
BRDA:133,29,0,2
BRDA:133,50,0,2
BRDA:133,14,1,0
BRDA:133,29,1,0
BRDA:133,50,1,0
BRDA:133,73,0,2
BRDA:138,127,1,2
BRDA:140,110,0,1
BRDA:140,110,1,1
BRDA:138,127,0,1
BRDA:133,73,1,1
FN:10,System.Void Faaast.SeoRouter.RoutingRules::.ctor(System.Collections.Generic.IEnumerable`1<Faaast.SeoRouter.RoutingRule>[])
FNDA:8,System.Void Faaast.SeoRouter.RoutingRules::.ctor(System.Collections.Generic.IEnumerable`1<Faaast.SeoRouter.RoutingRule>[])
DA:11,8
DA:12,8
DA:13,8
DA:15,8
DA:17,8
DA:71,8
DA:72,8
DA:73,8
DA:74,8
DA:75,24
DA:76,0
DA:77,0
DA:78,0
DA:79,8
DA:80,8
BRDA:73,74,0,8
BRDA:75,106,1,0
BRDA:75,106,0,8
BRDA:73,74,1,8
LF:108
LH:92
BRF:50
BRH:37
FNF:7
FNH:4
end_of_record
SF:C:\Projects\Faaast\src\Faaast.SeoRouter\TemplateBinderFactory.cs
FN:25,Microsoft.AspNetCore.Routing.Template.TemplateBinder Faaast.SeoRouter.SimpleTemplateBinderFactory::Create(Microsoft.AspNetCore.Routing.Template.RouteTemplate,Microsoft.AspNetCore.Routing.RouteValueDictionary)
FNDA:10,Microsoft.AspNetCore.Routing.Template.TemplateBinder Faaast.SeoRouter.SimpleTemplateBinderFactory::Create(Microsoft.AspNetCore.Routing.Template.RouteTemplate,Microsoft.AspNetCore.Routing.RouteValueDictionary)
DA:26,10
FN:23,System.Void Faaast.SeoRouter.SimpleTemplateBinderFactory::.ctor(Microsoft.AspNetCore.Routing.Template.TemplateBinderFactory)
FNDA:20,System.Void Faaast.SeoRouter.SimpleTemplateBinderFactory::.ctor(Microsoft.AspNetCore.Routing.Template.TemplateBinderFactory)
DA:24,20
LF:2
LH:2
BRF:0
BRH:0
FNF:2
FNH:2
end_of_record
SF:C:\Projects\Faaast\src\Faaast.SeoRouter\ApplicationBuilderExtensions.cs
FN:12,Microsoft.Extensions.DependencyInjection.IServiceCollection Microsoft.Extensions.DependencyInjection.ApplicationBuilderExtensions::AddSeoRouter(Microsoft.Extensions.DependencyInjection.IServiceCollection)
FNDA:10,Microsoft.Extensions.DependencyInjection.IServiceCollection Microsoft.Extensions.DependencyInjection.ApplicationBuilderExtensions::AddSeoRouter(Microsoft.Extensions.DependencyInjection.IServiceCollection)
DA:13,10
DA:14,20
DA:16,10
DA:17,10
DA:18,10
DA:29,10
DA:30,10
DA:31,10
DA:33,10
DA:34,10
FN:36,Microsoft.AspNetCore.Builder.IApplicationBuilder Microsoft.Extensions.DependencyInjection.ApplicationBuilderExtensions::UseSeoRouter(Microsoft.AspNetCore.Builder.IApplicationBuilder)
FNDA:0,Microsoft.AspNetCore.Builder.IApplicationBuilder Microsoft.Extensions.DependencyInjection.ApplicationBuilderExtensions::UseSeoRouter(Microsoft.AspNetCore.Builder.IApplicationBuilder)
DA:37,0
DA:38,0
DA:39,0
DA:40,0
LF:14
LH:10
BRF:0
BRH:0
FNF:2
FNH:1
end_of_record